MPASM  5.47             TINYBLD18F2455USB.ASM   9-17-2013  15:54:16         PAGE  1


LOC  OBJECT CODE     LINE SOURCE TEXT
  VALUE

                      00001         radix DEC
                      00002         
                      00003         ; change these lines in accordance to your application  
                      00004 #include "p18f2455.inc"
                      00001         LIST
                      00002 
                      00003 ;==========================================================================
                      00004 ;  MPASM PIC18F2455 processor include
                      00005 ; 
                      00006 ;  (c) Copyright 1999-2012 Microchip Technology, All rights reserved
                      00007 ;==========================================================================
                      00008 
                      01556         LIST
  00000056            00005 IdTypePIC = 0x56                        ; must exists in "piccodes.ini"
                      00006 #define max_flash 0x6000        ; in BYTES!!! (= 'max flash memory' from "piccodes.ini")
                      00007 ; 20MHzQuartz / 5 * 24 / 2 => 48MHz     ; check _CONFIG1
  02DC6C00            00008 xtal EQU 48000000               ; 'xtal' here is resulted frequency (is no longer quartz frequency)
  0001C200            00009 baud EQU 115200                 ; the desired baud rate
                      00010         ; The above 5 lines can be changed and buid a bootloader for the desired frequency and PIC type
                      00011         
                      00012         ;********************************************************************
                      00013         ;       Tiny Bootloader         18F*55 series           Size=100words
                      00014         ;       claudiu.chiculita@ugal.ro
                      00015         ;       http://www.etc.ugal.ro/cchiculita/software/picbootloader.htm
                      00016         ; 
                      00017         ; modified by Edorul:
                      00018         ; EEPROM write is only compatible with "Tiny PIC Bootloader+"
                      00019         ; http://sourceforge.net/projects/tinypicbootload/
                      00020         ;********************************************************************
                      00021         ;            |  12kW    16kW
                      00022         ;       -----+----------------
                      00023         ;       28pin|  2455    2550
                      00024         ;       40pin|  4455    4550
                      00025         #include "../../spbrgselect.inc"        ; RoundResult and baud_rate
  00000000            00001 RoundResult SET 0                               ; Rounding function.  RoundResult = Round(aa/bb)
                      00002 Round   macro aa,bb
                      00003         LOCAL rr = aa/bb
                      00004         LOCAL d1 = aa - rr*bb
                      00005         LOCAL d2 = (rr+1)*bb - aa
                      00006 RoundResult = rr
                      00007         if d1 >= d2
                      00008 RoundResult++
                      00009         endif
                      00010         endm
                      00011 
  00000000            00012 AbsResult SET 0
                      00013 Abs             macro nr
                      00014         if nr>=0
                      00015 AbsResult = nr
                      00016         else
                      00017 AbsResult = -nr
                      00018         endif
                      00019         endm
MPASM  5.47             TINYBLD18F2455USB.ASM   9-17-2013  15:54:16         PAGE  2


LOC  OBJECT CODE     LINE SOURCE TEXT
  VALUE

                      00020                 
                      00021         Round xtal,(16*baud)
  001A                    M         LOCAL rr = xtal/(16*baud)
  2C00                    M         LOCAL d1 = xtal - rr*(16*baud)
  F400                    M         LOCAL d2 = (rr+1)*(16*baud) - xtal
  0000001A                M RoundResult = rr
                          M         if d1 >= d2
                          M RoundResult++
                          M         endif
  00000019            00022 spbrg_value EQU RoundResult-1
                      00023 
                      00024         Round xtal,(16*(spbrg_value+1))
  C2B8                    M         LOCAL rr = xtal/(16*(spbrg_value+1))
  0100                    M         LOCAL d1 = xtal - rr*(16*(spbrg_value+1))
  00A0                    M         LOCAL d2 = (rr+1)*(16*(spbrg_value+1)) - xtal
  0001C2B8                M RoundResult = rr
                          M         if d1 >= d2
  0001C2B9                M RoundResult++
                          M         endif
  0001C2B9            00025 baud_real EQU RoundResult
                      00026         Abs(baud_real-baud)
                          M         if (baud_real-baud)>=0
  000000B9                M AbsResult = (baud_real-baud)
                          M         else
                          M AbsResult = -(baud_real-baud)
                          M         endif
  00000000            00027 errpercent EQU AbsResult*100/baud
                      00028         if errpercent > 4
                      00029                 ERROR big error in baudrate: 0%
                      00030         endif
                      00031         if errpercent >= 2
                      00032                 messg baudrate not exact: 0%
                      00033         endif
                      00026 
                      00027                 #define first_address max_flash-200             ;=100 words
Warning[230]: __CONFIG has been deprecated for PIC18 devices.  Use directive CONFIG.
                      00028         __CONFIG _CONFIG1L, _PLLDIV_5_1L & _CPUDIV_OSC1_PLL2_1L & _USBDIV_2_1L
Warning[230]: __CONFIG has been deprecated for PIC18 devices.  Use directive CONFIG.
300000 7EE4           00029         __CONFIG _CONFIG1H, _FOSC_HSPLL_HS_1H & _IESO_OFF_1H ; & _FCMEM_OFF_1H
Warning[230]: __CONFIG has been deprecated for PIC18 devices.  Use directive CONFIG.
                      00030         __CONFIG _CONFIG2L, _PWRT_ON_2L & _BOR_OFF_2L ; _VREGEN_OFF_2L
Warning[230]: __CONFIG has been deprecated for PIC18 devices.  Use directive CONFIG.
300002 FEF8           00031         __CONFIG _CONFIG2H, _WDT_OFF_2H & _WDTPS_32768_2H 
Warning[230]: __CONFIG has been deprecated for PIC18 devices.  Use directive CONFIG.
300004 FDFF           00032         __CONFIG _CONFIG3H, _MCLRE_ON_3H & _PBADEN_OFF_3H & _CCP2MX_ON_3H
Warning[230]: __CONFIG has been deprecated for PIC18 devices.  Use directive CONFIG.
300006 FFBB           00033         __CONFIG _CONFIG4L, _DEBUG_OFF_4L & _LVP_OFF_4L & _STVREN_ON_4L & _XINST_OFF_4L
Warning[230]: __CONFIG has been deprecated for PIC18 devices.  Use directive CONFIG.
                      00034         __CONFIG _CONFIG5L, _CP0_OFF_5L & _CP1_OFF_5L & _CP2_OFF_5L
Warning[230]: __CONFIG has been deprecated for PIC18 devices.  Use directive CONFIG.
300008 FFFF           00035         __CONFIG _CONFIG5H, _CPB_OFF_5H & _CPD_OFF_5H
Warning[230]: __CONFIG has been deprecated for PIC18 devices.  Use directive CONFIG.
                      00036         __CONFIG _CONFIG6L, _WRT0_OFF_6L & _WRT1_OFF_6L & _WRT2_OFF_6L
MPASM  5.47             TINYBLD18F2455USB.ASM   9-17-2013  15:54:16         PAGE  3


LOC  OBJECT CODE     LINE SOURCE TEXT
  VALUE

Warning[230]: __CONFIG has been deprecated for PIC18 devices.  Use directive CONFIG.
30000A FFFF           00037         __CONFIG _CONFIG6H, _WRTB_OFF_6H & _WRTC_OFF_6H & _WRTD_OFF_6H
Warning[230]: __CONFIG has been deprecated for PIC18 devices.  Use directive CONFIG.
                      00038         __CONFIG _CONFIG7L, _EBTR0_OFF_7L & _EBTR1_OFF_7L & _EBTR2_OFF_7L
Warning[230]: __CONFIG has been deprecated for PIC18 devices.  Use directive CONFIG.
30000C FFFF           00039         __CONFIG _CONFIG7H, _EBTRB_OFF_7H
                      00040 
                      00041 
                      00042 ;----------------------------- PROGRAM ---------------------------------
                      00043         cblock 0
                      00044 ;;;;;;;;;;;;;;;;;;;;;;;;;;;;;;;;;;;;;;;;;;;;;;;;//$1-1
  00000000            00045         buffer:64
  00000040            00046         crc
  00000041            00047         i
  00000042            00048         cnt1
  00000043            00049         cnt2
  00000044            00050         cnt3
  00000045            00051         counter_hi
  00000046            00052         counter_lo
  00000047            00053         flag
                      00054 ;;;;;;;;;;;;;;;;;;;;;;;;;;;;;;;;;;;;;;;;;;;;;;;;//$2-5
  00000048            00055         count
                      00056 ;;;;;;;;;;;;;;;;;;;;;;;;;;;;;;;;;;;;;;;;;;;;;;;;
                      00057         endc
                      00058 ;       cblock 10
                      00059 ;       buffer:64
                      00060 ;       endc
                      00061 ;;;;;;;;;;;;;;;;;;;;;;;;;;;;;;;;;;;;;;;;;;;;;;;;
                      00062         
                      00063 ;;;;;;;;;;;;;;;;;;;;;;;;;;;;;;;;;;;;;;;;;;;;;;;;//@1-1
                      00064 ;SendL macro car
                      00065 ;       movlw car
                      00066 ;       movwf TXREG
                      00067 ;       endm
                      00068 ;;;;;;;;;;;;;;;;;;;;;;;;;;;;;;;;;;;;;;;;;;;;;;;;
                      00069         
                      00070 ;0000000000000000000000000 RESET 00000000000000000000000000
                      00071 
                      00072                 ORG     0x0000
000000 EF?? F???      00073                 GOTO    IntrareBootloader
                      00074 
                      00075 ;view with TabSize=4
                      00076 ;&&&&&&&&&&&&&&&&&&&&&&&   START     &&&&&&&&&&&&&&&&&&&&&&
                      00077 ;----------------------  Bootloader  ----------------------
                      00078 ;PC_flash:              C1h                             U               H               L               
                            x  ...  <64 bytes>   ...  crc   
                      00079 ;PC_eeprom:             C1h                             40h   EEADRH  EEADR     1       EEDATA  crc     
                                                            
                      00080 ;PC_cfg                 C1h                     U OR 80h        H               L               1       
                                    byte    crc
                      00081 ;PIC_response:     type `K`
                      00082         
                      00083         ORG first_address                       ;space to deposit first 4 instr. of user prog.
MPASM  5.47             TINYBLD18F2455USB.ASM   9-17-2013  15:54:16         PAGE  4


LOC  OBJECT CODE     LINE SOURCE TEXT
  VALUE

005F38 0000           00084         nop
005F3A 0000           00085         nop
005F3C 0000           00086         nop
005F3E 0000           00087         nop
                      00088         org first_address+8
005F40                00089 IntrareBootloader
                      00090         ;skip TRIS to 0 C6                      ;init serial port
                      00091 ;;;;;;;;;;;;;;;;;;;;;;;;;;;;;;;;;;;;;;;;;;;;;;;;//@4-1
                      00092 ;       movlw b'00100100'
005F40 0E24           00093         movlw   ((1<<TXEN) | (1<<BRGH))         ;init serial port
                      00094 ;;;;;;;;;;;;;;;;;;;;;;;;;;;;;;;;;;;;;;;;;;;;;;;;
005F42 6EAC           00095         movwf TXSTA
                      00096         ;use only SPBRG (8 bit mode default) not using BAUDCON
005F44 0E19           00097         movlw spbrg_value
005F46 6EAF           00098         movwf SPBRG
                      00099 ;;;;;;;;;;;;;;;;;;;;;;;;;;;;;;;;;;;;;;;;;;;;;;;;//@4-2
                      00100 ;       movlw b'10010000'
005F48 0E90           00101         movlw   ((1<<SPEN) | (1<<CREN))
                      00102 ;;;;;;;;;;;;;;;;;;;;;;;;;;;;;;;;;;;;;;;;;;;;;;;;
005F4A 6EAB           00103         movwf RCSTA
                      00104                                                 ;wait for computer
005F4C D???           00105         rcall Receive                   
005F4E 08C1           00106         sublw 0xC1                              ;Expect C1h
005F50 E1??           00107         bnz way_to_exit
                      00108 ;;;;;;;;;;;;;;;;;;;;;;;;;;;;;;;;;;;;;;;;;;;;;;;;//@1-2
                      00109 ;       SendL IdTypePIC                         ;send PIC type
005F52 0E56           00110         movlw IdTypePIC                         ;send PIC type
005F54 6EAD           00111         movwf TXREG
                      00112 ;;;;;;;;;;;;;;;;;;;;;;;;;;;;;;;;;;;;;;;;;;;;;;;;
005F56                00113 MainLoop
                      00114 ;;;;;;;;;;;;;;;;;;;;;;;;;;;;;;;;;;;;;;;;;;;;;;;;//@1-3
                      00115 ;       SendL 'K'                               ; "-Everything OK, ready and waiting."
005F56 0E4B           00116         movlw 'K'                               ; "-Everything OK, ready and waiting."
                      00117 ;;;;;;;;;;;;;;;;;;;;;;;;;;;;;;;;;;;;;;;;;;;;;;;;
005F58                00118 mainl
                      00119 ;;;;;;;;;;;;;;;;;;;;;;;;;;;;;;;;;;;;;;;;;;;;;;;;//@1-4
005F58 6EAD           00120         movwf TXREG
                      00121 ;;;;;;;;;;;;;;;;;;;;;;;;;;;;;;;;;;;;;;;;;;;;;;;;
005F5A 6A40           00122         clrf crc
005F5C D???           00123         rcall Receive                   ;Upper
005F5E 6EF8           00124         movwf TBLPTRU
005F60 6E47           00125         movwf flag                      ;(for EEPROM and CFG cases)
005F62 D???           00126         rcall Receive                   ;Hi
005F64 6EF7           00127         movwf TBLPTRH
005F66 D???           00128         rcall Receive                   ;Lo
005F68 6EF6           00129         movwf TBLPTRL
005F6A 6EA9           00130         movwf EEADR                     ;(for EEPROM case)
                      00131 
005F6C D???           00132         rcall Receive                   ;count
005F6E 6E41           00133         movwf i
                      00134 ;;;;;;;;;;;;;;;;;;;;;;;;;;;;;;;;;;;;;;;;;;;;;;;;//$2-6
005F70 6E48           00135         movwf count
                      00136 ;;;;;;;;;;;;;;;;;;;;;;;;;;;;;;;;;;;;;;;;;;;;;;;;
MPASM  5.47             TINYBLD18F2455USB.ASM   9-17-2013  15:54:16         PAGE  5


LOC  OBJECT CODE     LINE SOURCE TEXT
  VALUE

                      00137 ;;;;;;;;;;;;;;;;;;;;;;;;;;;;;;;;;;;;;;;;;;;;;;;;//$1-2
                      00138 ;;;;;;;;;;;;;;;;;;;;;;;;;;;;;;;;;;;;;;;;;;;;;;;;//@2-1
                      00139 ;;      incf i
                      00140 ;;      lfsr FSR0, (buffer-1)
                      00141 ;       lfsr FSR0,buffer
005F72 6AE9           00142         clrf FSR0L
                      00143 ;;;;;;;;;;;;;;;;;;;;;;;;;;;;;;;;;;;;;;;;;;;;;;;;
                      00144 ;;;;;;;;;;;;;;;;;;;;;;;;;;;;;;;;;;;;;;;;;;;;;;;;
005F74                00145 rcvoct                                          ;read 64+1 bytes
                      00146 ;;;;;;;;;;;;;;;;;;;;;;;;;;;;;;;;;;;;;;;;;;;;;;;;//@2-2
                      00147 ;       movwf TABLAT            ;prepare for cfg; => store byte before crc
005F74 D???           00148         rcall Receive
                      00149 ;       movwf PREINC0
005F76 6EEE           00150         movwf POSTINC0
005F78 6EF5           00151         movwf TABLAT            ;prepare for cfg; => store byte before crc
                      00152 ;;;;;;;;;;;;;;;;;;;;;;;;;;;;;;;;;;;;;;;;;;;;;;;;
                      00153 ;;;;;;;;;;;;;;;;;;;;;;;;;;;;;;;;;;;;;;;;;;;;;;;;//@3
                      00154 ;       btfss i,0               ;don't know for the moment but in case of EEPROM data presence...
                      00155 ;;;;;;;;;;;;;;;;;;;;;;;;;;;;;;;;;;;;;;;;;;;;;;;;
005F7A 6EA8           00156         movwf EEDATA            ;...then store the data byte (and not the CRC!)
005F7C 2E41           00157         decfsz i
005F7E D???           00158         bra rcvoct
                      00159         
                      00160 ;;;;;;;;;;;;;;;;;;;;;;;;;;;;;;;;;;;;;;;;;;;;;;;;//@2-3
                      00161 ;       tstfsz crc                              ;check crc
                      00162 ;       bra ziieroare
005F80 D???           00163         rcall Receive                   ;check crc
005F82 E1??           00164         bnz ziieroare
                      00165 ;;;;;;;;;;;;;;;;;;;;;;;;;;;;;;;;;;;;;;;;;;;;;;;;
005F84 AC47           00166                 btfss flag,6            ;is EEPROM data?
005F86 D???           00167                 bra noeeprom
005F88 0E04           00168                 movlw b'00000100'       ;Setup eeprom
005F8A D???           00169                 rcall Write
005F8C D???           00170                 bra waitwre
005F8E                00171 noeeprom
                      00172 ;;;;;;;;;;;;;;;;;;;;;;;;;;;;;;;;;;;;;;;;;;;;;;;;$2-1
005F8E 6AE9           00173                 clrf FSR0L
005F90 AE47           00174                 btfss flag,7            ;is CFG data?
005F92 D???           00175                 bra noconfig
005F94 000A           00176                 TBLRD*-                 ; point to adr-1
005F96                00177 lp_noeeprom
005F96 D???           00178                 rcall put1byte
005F98 D???           00179                 rcall Write
005F9A 2E48           00180                 decfsz  count,f
005F9C D???           00181                 bra lp_noeeprom
                      00182 ;               tblwt*                  ;write TABLAT(byte before crc) to TBLPTR***
                      00183 ;               movlw b'11000100'       ;Setup cfg
                      00184 ;               rcall Write
005F9E D???           00185                 bra waitwre
                      00186 ;;;;;;;;;;;;;;;;;;;;;;;;;;;;;;;;;;;;;;;;;;;;;;;;
005FA0                00187 noconfig
                      00188                                                         ;write
005FA0                00189 eraseloop
MPASM  5.47             TINYBLD18F2455USB.ASM   9-17-2013  15:54:16         PAGE  6


LOC  OBJECT CODE     LINE SOURCE TEXT
  VALUE

005FA0 0E94           00190         movlw   b'10010100'             ; Setup erase
005FA2 D???           00191         rcall Write
005FA4 000A           00192         TBLRD*-                                 ; point to adr-1
                      00193         
005FA6                00194 writebigloop    
005FA6 0E02           00195         movlw 2                                 ; 2groups
005FA8 6E45           00196         movwf counter_hi
                      00197 ;;;;;;;;;;;;;;;;;;;;;;;;;;;;;;;;;;;;;;;;;;;;;;;;$2-2
                      00198 ;;;;;;;;;;;;;;;;;;;;;;;;;;;;;;;;;;;;;;;;;;;;;;;;$1-3
                      00199 ;;      lfsr FSR0,buffer
                      00200 ;       clrf FSR0L
                      00201 ;;;;;;;;;;;;;;;;;;;;;;;;;;;;;;;;;;;;;;;;;;;;;;;;
                      00202 ;;;;;;;;;;;;;;;;;;;;;;;;;;;;;;;;;;;;;;;;;;;;;;;;
005FAA                00203 writesloop
005FAA 0E20           00204         movlw 32                                ; 32bytes = 4instr
005FAC 6E46           00205         movwf counter_lo
005FAE                00206 writebyte
                      00207 ;;;;;;;;;;;;;;;;;;;;;;;;;;;;;;;;;;;;;;;;;;;;;;;;//$2-3
005FAE D???           00208         rcall put1byte
                      00209 ;       movf POSTINC0,w                 ; put 1 byte
                      00210 ;       movwf TABLAT
                      00211 ;       tblwt+*
                      00212 ;;;;;;;;;;;;;;;;;;;;;;;;;;;;;;;;;;;;;;;;;;;;;;;;
005FB0 2E46           00213         decfsz counter_lo
005FB2 D???           00214         bra writebyte
                      00215         
005FB4 0E84           00216         movlw   b'10000100'             ; Setup writes
005FB6 D???           00217         rcall Write
005FB8 2E45           00218         decfsz counter_hi
005FBA D???           00219         bra writesloop
005FBC                00220 waitwre 
                      00221         ;btfsc EECON1,WR                ;for eeprom writes (wait to finish write)
                      00222         ;bra waitwre                    ;no need: round trip time with PC bigger than 4ms
                      00223         
005FBC 94A6           00224         bcf EECON1,WREN                 ;disable writes
005FBE D???           00225         bra MainLoop
                      00226         
005FC0                00227 ziieroare                                       ;CRC failed
                      00228 ;;;;;;;;;;;;;;;;;;;;;;;;;;;;;;;;;;;;;;;;;;;;;;;;//@1-5
                      00229 ;       SendL 'N'
005FC0 0E4E           00230         movlw 'N'
                      00231 ;;;;;;;;;;;;;;;;;;;;;;;;;;;;;;;;;;;;;;;;;;;;;;;;
005FC2 D???           00232         bra mainl
                      00233           
                      00234 ;******** procedures ******************
                      00235 
                      00236 ;;;;;;;;;;;;;;;;;;;;;;;;;;;;;;;;;;;;;;;;;;;;;;;;//$2-4
005FC4                00237 put1byte
005FC4 50EE           00238         movf POSTINC0,w                 ; put 1 byte
005FC6 6EF5           00239         movwf TABLAT
005FC8 000F           00240         tblwt+*
005FCA 0CC4           00241         retlw b'11000100'               ;Setup cfg
                      00242 ;;;;;;;;;;;;;;;;;;;;;;;;;;;;;;;;;;;;;;;;;;;;;;;;
MPASM  5.47             TINYBLD18F2455USB.ASM   9-17-2013  15:54:16         PAGE  7


LOC  OBJECT CODE     LINE SOURCE TEXT
  VALUE

                      00243 
005FCC                00244 Write
005FCC 6EA6           00245         movwf EECON1
005FCE 0E55           00246         movlw 0x55
005FD0 6EA7           00247         movwf EECON2
005FD2 0EAA           00248         movlw 0xAA
005FD4 6EA7           00249         movwf EECON2
005FD6 82A6           00250         bsf EECON1,WR                   ;WRITE
005FD8 0000           00251         nop
                      00252         ;nop
005FDA 0012           00253         return
                      00254 
                      00255 
005FDC                00256 Receive
005FDC 0E19           00257         movlw xtal/2000000+1    ; for 20MHz => 11 => 1second delay
005FDE 6E42           00258         movwf cnt1
005FE0                00259 rpt2                                            
005FE0 6A43           00260         clrf cnt2
005FE2                00261 rpt3
005FE2 6A44           00262         clrf cnt3
005FE4                00263 rptc
005FE4 AA9E           00264                 btfss PIR1,RCIF                 ;test RX
005FE6 D???           00265                 bra notrcv
005FE8 50AE           00266             movf RCREG,w                        ;return read data in W
005FEA 2640           00267             addwf crc,f                         ;compute crc
005FEC 0012           00268                 return
005FEE                00269 notrcv
005FEE 2E44           00270         decfsz cnt3
005FF0 D???           00271         bra rptc
005FF2 2E43           00272         decfsz cnt2
005FF4 D???           00273         bra rpt3
005FF6 2E42           00274         decfsz cnt1
005FF8 D???           00275         bra rpt2
                      00276         ;timeout:
005FFA                00277 way_to_exit
005FFA 9EAB           00278         bcf     RCSTA,  SPEN                    ; deactivate UART
005FFC D79D           00279         bra first_address
                      00280 ;*************************************************************
                      00281 ; After reset
                      00282 ; Do not expect the memory to be zero,
                      00283 ; Do not expect registers to be initialised like in catalog.
                      00284 
7EE4 FEF8 FDFF FFBB FF00285             END
       FF FFFF FFFF 
MPASM  5.47             TINYBLD18F2455USB.ASM   9-17-2013  15:54:16         PAGE  8


SYMBOL TABLE
  LABEL                             VALUE 

A                                 00000000
ABDEN                             00000000
ABDOVF                            00000007
ACCESS                            00000000
ACKDT                             00000005
ACKEN                             00000004
ACKSTAT                           00000006
ACQT0                             00000003
ACQT1                             00000004
ACQT2                             00000005
ACTVIE                            00000002
ACTVIF                            00000002
ADCON0                            00000FC2
ADCON1                            00000FC1
ADCON2                            00000FC0
ADCS0                             00000000
ADCS1                             00000001
ADCS2                             00000002
ADDEN                             00000003
ADDR0                             00000000
ADDR1                             00000001
ADDR2                             00000002
ADDR3                             00000003
ADDR4                             00000004
ADDR5                             00000005
ADDR6                             00000006
ADEN                              00000003
ADFM                              00000007
ADIE                              00000006
ADIF                              00000006
ADIP                              00000006
ADON                              00000000
ADRES                             00000FC3
ADRESH                            00000FC4
ADRESL                            00000FC3
AN0                               00000000
AN1                               00000001
AN2                               00000002
AN3                               00000003
AN4                               00000005
Abs                               
AbsResult                         000000B9
BANKED                            00000001
BAUDCON                           00000FB8
BAUDCTL                           00000FB8
BCLIE                             00000003
BCLIF                             00000003
BCLIP                             00000003
BF                                00000000
BGST                              00000005
BOR                               00000000
BRG16                             00000003
BRGH                              00000002
MPASM  5.47             TINYBLD18F2455USB.ASM   9-17-2013  15:54:16         PAGE  9


SYMBOL TABLE
  LABEL                             VALUE 

BSR                               00000FE0
BTOEE                             00000004
BTOEF                             00000004
BTSEE                             00000007
BTSEF                             00000007
C                                 00000000
C1INV                             00000004
C1OUT                             00000006
C2INV                             00000005
C2OUT                             00000007
CCP1                              00000002
CCP1AS                            00000FB6
CCP1CON                           00000FBD
CCP1DEL                           00000FB7
CCP1IE                            00000002
CCP1IF                            00000002
CCP1IP                            00000002
CCP1M0                            00000000
CCP1M1                            00000001
CCP1M2                            00000002
CCP1M3                            00000003
CCP2CON                           00000FBA
CCP2IE                            00000000
CCP2IF                            00000000
CCP2IP                            00000000
CCP2M0                            00000000
CCP2M1                            00000001
CCP2M2                            00000002
CCP2M3                            00000003
CCPR1                             00000FBE
CCPR1H                            00000FBF
CCPR1L                            00000FBE
CCPR2                             00000FBB
CCPR2H                            00000FBC
CCPR2L                            00000FBB
CFGS                              00000006
CHS0                              00000002
CHS1                              00000003
CHS2                              00000004
CHS3                              00000005
CIS                               00000003
CK                                00000006
CKE                               00000006
CKP                               00000004
CM0                               00000000
CM1                               00000001
CM2                               00000002
CMCON                             00000FB4
CMIE                              00000006
CMIF                              00000006
CMIP                              00000006
CRC16EE                           00000002
CRC16EF                           00000002
MPASM  5.47             TINYBLD18F2455USB.ASM   9-17-2013  15:54:16         PAGE 10


SYMBOL TABLE
  LABEL                             VALUE 

CRC5EE                            00000001
CRC5EF                            00000001
CREN                              00000004
CSRC                              00000007
CVR0                              00000000
CVR1                              00000001
CVR2                              00000002
CVR3                              00000003
CVRCON                            00000FB5
CVREF                             00000004
CVREN                             00000007
CVROE                             00000006
CVRR                              00000005
CVRSS                             00000004
D                                 00000005
DATA_ADDRESS                      00000005
DC                                00000001
DC1B0                             00000004
DC1B1                             00000005
DC2B0                             00000004
DC2B1                             00000005
DDRA                              TRISA
DDRB                              TRISB
DDRC                              TRISC
DDRD                              TRISD
DDRE                              TRISE
DFN8EE                            00000003
DFN8EF                            00000003
DIR                               00000002
DONE                              00000001
D_A                               00000005
D_NOT_A                           00000005
ECCP1AS                           00000FB6
ECCP1DEL                          00000FB7
ECCPAS0                           00000004
ECCPAS1                           00000005
ECCPAS2                           00000006
ECCPASE                           00000007
EEADR                             00000FA9
EECON1                            00000FA6
EECON2                            00000FA7
EEDATA                            00000FA8
EEIE                              00000004
EEIF                              00000004
EEIP                              00000004
EEPGD                             00000007
ENDP0                             00000003
ENDP1                             00000004
ENDP2                             00000005
ENDP3                             00000006
EPCONDIS                          00000003
EPHSHK                            00000004
EPINEN                            00000001
MPASM  5.47             TINYBLD18F2455USB.ASM   9-17-2013  15:54:16         PAGE 11


SYMBOL TABLE
  LABEL                             VALUE 

EPOUTEN                           00000002
EPSTALL                           00000000
FAST                              00000001
FERR                              00000002
FLTS                              00000002
FREE                              00000004
FRM0                              00000000
FRM1                              00000001
FRM10                             00000002
FRM2                              00000002
FRM3                              00000003
FRM4                              00000004
FRM5                              00000005
FRM6                              00000006
FRM7                              00000007
FRM8                              00000000
FRM9                              00000001
FSEN                              00000002
FSR0                              00000000
FSR0H                             00000FEA
FSR0L                             00000FE9
FSR1                              00000001
FSR1H                             00000FE2
FSR1L                             00000FE1
FSR2                              00000002
FSR2H                             00000FDA
FSR2L                             00000FD9
GCEN                              00000007
GIE                               00000007
GIEH                              00000007
GIEL                              00000006
GIE_GIEH                          00000007
GO                                00000001
GO_DONE                           00000001
GO_NOT_DONE                       00000001
HLVDCON                           00000FD2
HLVDEN                            00000004
HLVDIE                            00000002
HLVDIF                            00000002
HLVDIN                            00000005
HLVDIP                            00000002
HLVDL0                            00000000
HLVDL1                            00000001
HLVDL2                            00000002
HLVDL3                            00000003
I2C_DAT                           00000005
I2C_READ                          00000002
I2C_START                         00000003
I2C_STOP                          00000004
IDLEIE                            00000004
IDLEIF                            00000004
IDLEN                             00000007
INDF0                             00000FEF
MPASM  5.47             TINYBLD18F2455USB.ASM   9-17-2013  15:54:16         PAGE 12


SYMBOL TABLE
  LABEL                             VALUE 

INDF1                             00000FE7
INDF2                             00000FDF
INT0                              00000000
INT0E                             00000004
INT0F                             00000001
INT0IE                            00000004
INT0IF                            00000001
INT1                              00000001
INT1E                             00000003
INT1F                             00000000
INT1IE                            00000003
INT1IF                            00000000
INT1IP                            00000006
INT1P                             00000006
INT2                              00000002
INT2E                             00000004
INT2F                             00000001
INT2IE                            00000004
INT2IF                            00000001
INT2IP                            00000007
INT2P                             00000007
INTCON                            00000FF2
INTCON2                           00000FF1
INTCON3                           00000FF0
INTEDG0                           00000006
INTEDG1                           00000005
INTEDG2                           00000004
INTSRC                            00000007
IOFS                              00000002
IPEN                              00000007
IPR1                              00000F9F
IPR2                              00000FA2
IRCF0                             00000004
IRCF1                             00000005
IRCF2                             00000006
IRVST                             00000005
IVRST                             00000005
IdTypePIC                         00000056
IntrareBootloader                 00005F40
LATA                              00000F89
LATA0                             00000000
LATA1                             00000001
LATA2                             00000002
LATA3                             00000003
LATA4                             00000004
LATA5                             00000005
LATA6                             00000006
LATB                              00000F8A
LATB0                             00000000
LATB1                             00000001
LATB2                             00000002
LATB3                             00000003
LATB4                             00000004
MPASM  5.47             TINYBLD18F2455USB.ASM   9-17-2013  15:54:16         PAGE 13


SYMBOL TABLE
  LABEL                             VALUE 

LATB5                             00000005
LATB6                             00000006
LATB7                             00000007
LATC                              00000F8B
LATC0                             00000000
LATC1                             00000001
LATC2                             00000002
LATC6                             00000006
LATC7                             00000007
LVDCON                            00000FD2
LVDEN                             00000004
LVDIE                             00000002
LVDIF                             00000002
LVDIN                             00000005
LVDIP                             00000002
LVDL0                             00000000
LVDL1                             00000001
LVDL2                             00000002
LVDL3                             00000003
LVV0                              00000000
LVV1                              00000001
LVV2                              00000002
LVV3                              00000003
MainLoop                          00005F56
N                                 00000004
NOT_A                             00000005
NOT_ADDRESS                       00000005
NOT_BOR                           00000000
NOT_DONE                          00000001
NOT_IPEN                          00000007
NOT_PD                            00000002
NOT_POR                           00000001
NOT_RBPU                          00000007
NOT_RI                            00000004
NOT_T1SYNC                        00000002
NOT_T3SYNC                        00000002
NOT_TO                            00000003
NOT_W                             00000002
NOT_WRITE                         00000002
OERR                              00000001
OSC2                              00000006
OSCCON                            00000FD3
OSCFIE                            00000007
OSCFIF                            00000007
OSCFIP                            00000007
OSCTUNE                           00000F9B
OSTS                              00000003
OV                                00000003
P                                 00000004
P1A                               00000002
PC                                00000FF9
PCFG0                             00000000
PCFG1                             00000001
MPASM  5.47             TINYBLD18F2455USB.ASM   9-17-2013  15:54:16         PAGE 14


SYMBOL TABLE
  LABEL                             VALUE 

PCFG2                             00000002
PCFG3                             00000003
PCL                               00000FF9
PCLATH                            00000FFA
PCLATU                            00000FFB
PD                                00000002
PEIE                              00000006
PEIE_GIEL                         00000006
PEN                               00000002
PGC                               00000006
PGD                               00000007
PGM                               00000005
PIDEE                             00000000
PIDEF                             00000000
PIE1                              00000F9D
PIE2                              00000FA0
PIR1                              00000F9E
PIR2                              00000FA1
PKTDIS                            00000004
PLUSW0                            00000FEB
PLUSW1                            00000FE3
PLUSW2                            00000FDB
POR                               00000001
PORTA                             00000F80
PORTB                             00000F81
PORTC                             00000F82
PORTE                             00000F84
POSTDEC0                          00000FED
POSTDEC1                          00000FE5
POSTDEC2                          00000FDD
POSTINC0                          00000FEE
POSTINC1                          00000FE6
POSTINC2                          00000FDE
PPB0                              00000000
PPB1                              00000001
PPBI                              00000001
PPBRST                            00000006
PR2                               00000FCB
PREINC0                           00000FEC
PREINC1                           00000FE4
PREINC2                           00000FDC
PROD                              00000FF3
PRODH                             00000FF4
PRODL                             00000FF3
PRSEN                             00000007
PSA                               00000003
PSSAC0                            00000002
PSSAC1                            00000003
R                                 00000002
RA0                               00000000
RA1                               00000001
RA2                               00000002
RA3                               00000003
MPASM  5.47             TINYBLD18F2455USB.ASM   9-17-2013  15:54:16         PAGE 15


SYMBOL TABLE
  LABEL                             VALUE 

RA4                               00000004
RA5                               00000005
RA6                               00000006
RB0                               00000000
RB1                               00000001
RB2                               00000002
RB3                               00000003
RB4                               00000004
RB5                               00000005
RB6                               00000006
RB7                               00000007
RBIE                              00000003
RBIF                              00000000
RBIP                              00000000
RBPU                              00000007
RC0                               00000000
RC1                               00000001
RC2                               00000002
RC4                               00000004
RC5                               00000005
RC6                               00000006
RC7                               00000007
RCEN                              00000003
RCIDL                             00000006
RCIE                              00000005
RCIF                              00000005
RCIP                              00000005
RCMT                              00000006
RCON                              00000FD0
RCREG                             00000FAE
RCSTA                             00000FAB
RD                                00000000
RD16                              00000007
RE3                               00000003
READ_WRITE                        00000002
RESUME                            00000002
RI                                00000004
RSEN                              00000001
RX                                00000007
RX9                               00000006
RX9D                              00000000
RXDTP                             00000005
R_NOT_W                           00000002
R_W                               00000002
Receive                           00005FDC
Round                             
RoundResult                       0001C2B9
S                                 00000003
SBOREN                            00000006
SCKP                              00000004
SCS0                              00000000
SCS1                              00000001
SE0                               00000005
MPASM  5.47             TINYBLD18F2455USB.ASM   9-17-2013  15:54:16         PAGE 16


SYMBOL TABLE
  LABEL                             VALUE 

SEN                               00000000
SENDB                             00000003
SMP                               00000007
SOFIE                             00000006
SOFIF                             00000006
SPBRG                             00000FAF
SPBRGH                            00000FB0
SPEN                              00000007
SREN                              00000005
SSPADD                            00000FC8
SSPBUF                            00000FC9
SSPCON1                           00000FC6
SSPCON2                           00000FC5
SSPEN                             00000005
SSPIE                             00000003
SSPIF                             00000003
SSPIP                             00000003
SSPM0                             00000000
SSPM1                             00000001
SSPM2                             00000002
SSPM3                             00000003
SSPOV                             00000006
SSPSTAT                           00000FC7
STALLIE                           00000005
STALLIF                           00000005
STATUS                            00000FD8
STKFUL                            00000007
STKOVF                            00000007
STKPTR                            00000FFC
STKPTR0                           00000000
STKPTR1                           00000001
STKPTR2                           00000002
STKPTR3                           00000003
STKPTR4                           00000004
STKUNF                            00000006
SUSPND                            00000001
SWDTE                             00000000
SWDTEN                            00000000
SYNC                              00000004
T08BIT                            00000006
T0CKI                             00000004
T0CON                             00000FD5
T0CS                              00000005
T0IE                              00000005
T0IF                              00000002
T0IP                              00000002
T0PS0                             00000000
T0PS1                             00000001
T0PS2                             00000002
T0SE                              00000004
T13CKI                            00000000
T1CKPS0                           00000004
T1CKPS1                           00000005
MPASM  5.47             TINYBLD18F2455USB.ASM   9-17-2013  15:54:16         PAGE 17


SYMBOL TABLE
  LABEL                             VALUE 

T1CON                             00000FCD
T1OSCEN                           00000003
T1OSI                             00000001
T1OSO                             00000000
T1RUN                             00000006
T1SYNC                            00000002
T2CKPS0                           00000000
T2CKPS1                           00000001
T2CON                             00000FCA
T2OUTPS0                          00000003
T2OUTPS1                          00000004
T2OUTPS2                          00000005
T2OUTPS3                          00000006
T3CCP1                            00000003
T3CCP2                            00000006
T3CKPS0                           00000004
T3CKPS1                           00000005
T3CON                             00000FB1
T3NSYNC                           00000002
T3SYNC                            00000002
TABLAT                            00000FF5
TBLPTR                            00000FF6
TBLPTRH                           00000FF7
TBLPTRL                           00000FF6
TBLPTRU                           00000FF8
TMR0                              00000FD6
TMR0H                             00000FD7
TMR0IE                            00000005
TMR0IF                            00000002
TMR0IP                            00000002
TMR0L                             00000FD6
TMR0ON                            00000007
TMR1                              00000FCE
TMR1CS                            00000001
TMR1H                             00000FCF
TMR1IE                            00000000
TMR1IF                            00000000
TMR1IP                            00000000
TMR1L                             00000FCE
TMR1ON                            00000000
TMR2                              00000FCC
TMR2IE                            00000001
TMR2IF                            00000001
TMR2IP                            00000001
TMR2ON                            00000002
TMR3                              00000FB2
TMR3CS                            00000001
TMR3H                             00000FB3
TMR3IE                            00000001
TMR3IF                            00000001
TMR3IP                            00000001
TMR3L                             00000FB2
TMR3ON                            00000000
MPASM  5.47             TINYBLD18F2455USB.ASM   9-17-2013  15:54:16         PAGE 18


SYMBOL TABLE
  LABEL                             VALUE 

TO                                00000003
TOS                               00000FFD
TOSH                              00000FFE
TOSL                              00000FFD
TOSU                              00000FFF
TOUTPS0                           00000003
TOUTPS1                           00000004
TOUTPS2                           00000005
TOUTPS3                           00000006
TRISA                             00000F92
TRISA0                            00000000
TRISA1                            00000001
TRISA2                            00000002
TRISA3                            00000003
TRISA4                            00000004
TRISA5                            00000005
TRISA6                            00000006
TRISB                             00000F93
TRISB0                            00000000
TRISB1                            00000001
TRISB2                            00000002
TRISB3                            00000003
TRISB4                            00000004
TRISB5                            00000005
TRISB6                            00000006
TRISB7                            00000007
TRISC                             00000F94
TRISC0                            00000000
TRISC1                            00000001
TRISC2                            00000002
TRISC6                            00000006
TRISC7                            00000007
TRMT                              00000001
TRNIE                             00000003
TRNIF                             00000003
TUN0                              00000000
TUN1                              00000001
TUN2                              00000002
TUN3                              00000003
TUN4                              00000004
TX                                00000006
TX9                               00000006
TX9D                              00000000
TXCKP                             00000004
TXEN                              00000005
TXIE                              00000004
TXIF                              00000004
TXIP                              00000004
TXREG                             00000FAD
TXSTA                             00000FAC
UA                                00000001
UADDR                             00000F6E
UCFG                              00000F6F
MPASM  5.47             TINYBLD18F2455USB.ASM   9-17-2013  15:54:16         PAGE 19


SYMBOL TABLE
  LABEL                             VALUE 

UCON                              00000F6D
UEIE                              00000F6B
UEIR                              00000F6A
UEP0                              00000F70
UEP1                              00000F71
UEP10                             00000F7A
UEP11                             00000F7B
UEP12                             00000F7C
UEP13                             00000F7D
UEP14                             00000F7E
UEP15                             00000F7F
UEP2                              00000F72
UEP3                              00000F73
UEP4                              00000F74
UEP5                              00000F75
UEP6                              00000F76
UEP7                              00000F77
UEP8                              00000F78
UEP9                              00000F79
UERRIE                            00000001
UERRIF                            00000001
UFRM                              00000F66
UFRMH                             00000F67
UFRML                             00000F66
UIE                               00000F69
UIR                               00000F68
UOEMON                            00000006
UPUEN                             00000004
URSTIE                            00000000
URSTIF                            00000000
USBEN                             00000003
USBIE                             00000005
USBIF                             00000005
USBIP                             00000005
USTAT                             00000F6C
UTEYE                             00000007
UTRDIS                            00000003
VCFG0                             00000004
VCFG1                             00000005
VDIRMAG                           00000007
VREFM                             00000002
VREFP                             00000003
W                                 00000000
WCOL                              00000007
WDTCON                            00000FD1
WR                                00000001
WREG                              00000FE8
WREN                              00000002
WRERR                             00000003
WUE                               00000001
Write                             00005FCC
Z                                 00000002
_BORV_0_2L                        000000E7
MPASM  5.47             TINYBLD18F2455USB.ASM   9-17-2013  15:54:16         PAGE 20


SYMBOL TABLE
  LABEL                             VALUE 

_BORV_1_2L                        000000EF
_BORV_2_2L                        000000F7
_BORV_3_2L                        000000FF
_BOR_OFF_2L                       000000F9
_BOR_ON_2L                        000000FF
_BOR_ON_ACTIVE_2L                 000000FD
_BOR_SOFT_2L                      000000FB
_CCP2MX_OFF_3H                    000000FE
_CCP2MX_ON_3H                     000000FF
_CONFIG1H                         00300001
_CONFIG1L                         00300000
_CONFIG2H                         00300003
_CONFIG2L                         00300002
_CONFIG3H                         00300005
_CONFIG4L                         00300006
_CONFIG5H                         00300009
_CONFIG5L                         00300008
_CONFIG6H                         0030000B
_CONFIG6L                         0030000A
_CONFIG7H                         0030000D
_CONFIG7L                         0030000C
_CP0_OFF_5L                       000000FF
_CP0_ON_5L                        000000FE
_CP1_OFF_5L                       000000FF
_CP1_ON_5L                        000000FD
_CP2_OFF_5L                       000000FF
_CP2_ON_5L                        000000FB
_CPB_OFF_5H                       000000FF
_CPB_ON_5H                        000000BF
_CPD_OFF_5H                       000000FF
_CPD_ON_5H                        0000007F
_CPUDIV_OSC1_PLL2_1L              000000E7
_CPUDIV_OSC2_PLL3_1L              000000EF
_CPUDIV_OSC3_PLL4_1L              000000F7
_CPUDIV_OSC4_PLL6_1L              000000FF
_DEBUG_OFF_4L                     000000FF
_DEBUG_ON_4L                      0000007F
_DEVID1                           003FFFFE
_DEVID2                           003FFFFF
_EBTR0_OFF_7L                     000000FF
_EBTR0_ON_7L                      000000FE
_EBTR1_OFF_7L                     000000FF
_EBTR1_ON_7L                      000000FD
_EBTR2_OFF_7L                     000000FF
_EBTR2_ON_7L                      000000FB
_EBTRB_OFF_7H                     000000FF
_EBTRB_ON_7H                      000000BF
_FCMEN_OFF_1H                     000000BF
_FCMEN_ON_1H                      000000FF
_FOSC_ECIO_EC_1H                  000000F4
_FOSC_ECPLLIO_EC_1H               000000F6
_FOSC_ECPLL_EC_1H                 000000F7
_FOSC_EC_EC_1H                    000000F5
MPASM  5.47             TINYBLD18F2455USB.ASM   9-17-2013  15:54:16         PAGE 21


SYMBOL TABLE
  LABEL                             VALUE 

_FOSC_HSPLL_HS_1H                 000000FE
_FOSC_HS_1H                       000000FC
_FOSC_INTOSCIO_EC_1H              000000F8
_FOSC_INTOSC_EC_1H                000000F9
_FOSC_INTOSC_HS_1H                000000FB
_FOSC_INTOSC_XT_1H                000000FA
_FOSC_XTPLL_XT_1H                 000000F2
_FOSC_XT_XT_1H                    000000F0
_IDLOC0                           00200000
_IDLOC1                           00200001
_IDLOC2                           00200002
_IDLOC3                           00200003
_IDLOC4                           00200004
_IDLOC5                           00200005
_IDLOC6                           00200006
_IDLOC7                           00200007
_IESO_OFF_1H                      0000007F
_IESO_ON_1H                       000000FF
_LPT1OSC_OFF_3H                   000000FB
_LPT1OSC_ON_3H                    000000FF
_LVP_OFF_4L                       000000FB
_LVP_ON_4L                        000000FF
_MCLRE_OFF_3H                     0000007F
_MCLRE_ON_3H                      000000FF
_PBADEN_OFF_3H                    000000FD
_PBADEN_ON_3H                     000000FF
_PLLDIV_10_1L                     000000FE
_PLLDIV_12_1L                     000000FF
_PLLDIV_1_1L                      000000F8
_PLLDIV_2_1L                      000000F9
_PLLDIV_3_1L                      000000FA
_PLLDIV_4_1L                      000000FB
_PLLDIV_5_1L                      000000FC
_PLLDIV_6_1L                      000000FD
_PWRT_OFF_2L                      000000FF
_PWRT_ON_2L                       000000FE
_STVREN_OFF_4L                    000000FE
_STVREN_ON_4L                     000000FF
_USBDIV_1_1L                      000000DF
_USBDIV_2_1L                      000000FF
_VREGEN_OFF_2L                    000000DF
_VREGEN_ON_2L                     000000FF
_WDTPS_1024_2H                    000000F5
_WDTPS_128_2H                     000000EF
_WDTPS_16384_2H                   000000FD
_WDTPS_16_2H                      000000E9
_WDTPS_1_2H                       000000E1
_WDTPS_2048_2H                    000000F7
_WDTPS_256_2H                     000000F1
_WDTPS_2_2H                       000000E3
_WDTPS_32768_2H                   000000FF
_WDTPS_32_2H                      000000EB
_WDTPS_4096_2H                    000000F9
MPASM  5.47             TINYBLD18F2455USB.ASM   9-17-2013  15:54:16         PAGE 22


SYMBOL TABLE
  LABEL                             VALUE 

_WDTPS_4_2H                       000000E5
_WDTPS_512_2H                     000000F3
_WDTPS_64_2H                      000000ED
_WDTPS_8192_2H                    000000FB
_WDTPS_8_2H                       000000E7
_WDT_OFF_2H                       000000FE
_WDT_ON_2H                        000000FF
_WRT0_OFF_6L                      000000FF
_WRT0_ON_6L                       000000FE
_WRT1_OFF_6L                      000000FF
_WRT1_ON_6L                       000000FD
_WRT2_OFF_6L                      000000FF
_WRT2_ON_6L                       000000FB
_WRTB_OFF_6H                      000000FF
_WRTB_ON_6H                       000000BF
_WRTC_OFF_6H                      000000FF
_WRTC_ON_6H                       000000DF
_WRTD_OFF_6H                      000000FF
_WRTD_ON_6H                       0000007F
_XINST_OFF_4L                     000000BF
_XINST_ON_4L                      000000FF
__18F2455                         00000001
baud                              0001C200
baud_real                         0001C2B9
buffer                            00000000
cnt1                              00000042
cnt2                              00000043
cnt3                              00000044
count                             00000048
counter_hi                        00000045
counter_lo                        00000046
crc                               00000040
eraseloop                         00005FA0
errpercent                        00000000
first_address                     max_flash-200
flag                              00000047
i                                 00000041
lp_noeeprom                       00005F96
mainl                             00005F58
max_flash                         0x6000
noconfig                          00005FA0
noeeprom                          00005F8E
notrcv                            00005FEE
put1byte                          00005FC4
rcvoct                            00005F74
rpt2                              00005FE0
rpt3                              00005FE2
rptc                              00005FE4
spbrg_value                       00000019
waitwre                           00005FBC
way_to_exit                       00005FFA
writebigloop                      00005FA6
writebyte                         00005FAE
MPASM  5.47             TINYBLD18F2455USB.ASM   9-17-2013  15:54:16         PAGE 23


SYMBOL TABLE
  LABEL                             VALUE 

writesloop                        00005FAA
xtal                              02DC6C00
ziieroare                         00005FC0

Errors   :     0
Warnings :    12 reported,     0 suppressed
Messages :     0 reported,     0 suppressed

