MPASM  5.51  TINYBLD18F23K20_INT16MHZ_19200.A   9-17-2013  16:27:46         PAGE  1


LOC  OBJECT CODE     LINE SOURCE TEXT
  VALUE

                      00001         radix DEC
                      00002         
                      00003         ; change these lines accordingly to your application    
                      00004 #include "p18f23k20.inc"
                      00001         LIST
                      00002 
                      00003 ;==========================================================================
                      00004 ;  MPASM PIC18F23K20 processor include
                      00005 ; 
                      00006 ;  (c) Copyright 1999-2013 Microchip Technology, All rights reserved
                      00007 ;==========================================================================
                      00008 
                      01394         LIST
  00000061            00005 IdTypePIC = 0x61                ; Please refer to the table below, must exists in "piccodes.ini"        
                      00006 #define max_flash  0x2000       ; in WORDS, not bytes!!! (= 'max flash memory' from "piccodes.ini" divid
                            ed by 2), Please refer to the table below
                      00007 #define Write_Page 8            ; Write Page          (8/16/32), Please refer to the table below
                      00008         
  00F42400            00009 xtal    EQU     16000000        ; you may also want to change: _HS_OSC _XT_OSC
  00004B00            00010 baud    EQU     19200           ; standard TinyBld baud rates: 115200 or 19200
                      00011 
                      00012 ;   The above 6 lines can be changed and buid a bootloader for the desired frequency (and PIC type)
                      00013 
                      00014 ; +---------+--------+------------+------------+-------------+-------------+-----------+--------+------+
                      00015 ; |IdTypePIC| Device | Write_Page | Erase_Page |   TX bit    |   RX bit    | max_flash | EEPROM | PDIP |
                      00016 ; +---------+--------+------------+------------+-------------+-------------+-----------+--------+------+
                      00017 ; |   0x61  |18F23K20|   8 words  |  32 words  |    C6(17)   |    C7(18)   |   0x2000  |   256  |  28  |
                      00018 ; |   0x61  |18F43K20|   8 words  |  32 words  |    C6(25)   |    C7(26)   |   0x2000  |   256  |  40  |
                      00019 ; |   0x62  |18F24K20|  16 words  |  32 words  |    C6(17)   |    C7(18)   |   0x4000  |   256  |  28  |
                      00020 ; |   0x62  |18F44K20|  16 words  |  32 words  |    C6(25)   |    C7(26)   |   0x4000  |   256  |  40  |
                      00021 ; |   0x64  |18F25K20|  16 words  |  32 words  |    C6(17)   |    C7(18)   |   0x8000  |   256  |  28  |
                      00022 ; |   0x64  |18F45K20|  16 words  |  32 words  |    C6(25)   |    C7(26)   |   0x8000  |   256  |  40  |
                      00023 ; |   0x66  |18F26K20|  32 words  |  32 words  |    C6(17)   |    C7(18)   |  0x10000  |  1024  |  28  |
                      00024 ; |   0x66  |18F46K20|  32 words  |  32 words  |    C6(25)   |    C7(26)   |  0x10000  |  1024  |  40  |
                      00025 ; +---------+--------+------------+------------+-------------+-------------+-----------+--------+------+
                      00026 
                      00027         ;********************************************************************
                      00028         ;       Tiny Bootloader         18F2XK20/18F4XK20       Size=100words
                      00029         ;       claudiu.chiculita@ugal.ro
                      00030         ;       http://www.etc.ugal.ro/cchiculita/software/picbootloader.htm
                      00031         ;
                      00032         ;       This program is only available in Tiny AVR/PIC Bootloader +.
                      00033         ;
                      00034         ;       Tiny AVR/PIC Bootloader +
                      00035         ;       https://sourceforge.net/projects/tinypicbootload/
                      00036         ;
                      00037         ;********************************************************************
                      00038 
                      00039         #include "../spbrgselect.inc"   ; RoundResult and baud_rate
  00000000            00001 RoundResult SET 0                               ; Rounding function.  RoundResult = Round(aa/bb)
                      00002 Round   macro aa,bb
                      00003         LOCAL rr = aa/bb
                      00004         LOCAL d1 = aa - rr*bb
MPASM  5.51  TINYBLD18F23K20_INT16MHZ_19200.A   9-17-2013  16:27:46         PAGE  2


LOC  OBJECT CODE     LINE SOURCE TEXT
  VALUE

                      00005         LOCAL d2 = (rr+1)*bb - aa
                      00006 RoundResult = rr
                      00007         if d1 >= d2
                      00008 RoundResult++
                      00009         endif
                      00010         endm
                      00011 
  00000000            00012 AbsResult SET 0
                      00013 Abs             macro nr
                      00014         if nr>=0
                      00015 AbsResult = nr
                      00016         else
                      00017 AbsResult = -nr
                      00018         endif
                      00019         endm
                      00020                 
                      00021         Round xtal,(16*baud)
  0034                    M         LOCAL rr = xtal/(16*baud)
  6400                    M         LOCAL d1 = xtal - rr*(16*baud)
  4C00                    M         LOCAL d2 = (rr+1)*(16*baud) - xtal
  00000034                M RoundResult = rr
                          M         if d1 >= d2
                          M RoundResult++
                          M         endif
  00000033            00022 spbrg_value EQU RoundResult-1
                      00023 
                      00024         Round xtal,(16*(spbrg_value+1))
  4B1E                    M         LOCAL rr = xtal/(16*(spbrg_value+1))
  0280                    M         LOCAL d1 = xtal - rr*(16*(spbrg_value+1))
  00C0                    M         LOCAL d2 = (rr+1)*(16*(spbrg_value+1)) - xtal
  00004B1E                M RoundResult = rr
                          M         if d1 >= d2
  00004B1F                M RoundResult++
                          M         endif
  00004B1F            00025 baud_real EQU RoundResult
                      00026         Abs(baud_real-baud)
                          M         if (baud_real-baud)>=0
  0000001F                M AbsResult = (baud_real-baud)
                          M         else
                          M AbsResult = -(baud_real-baud)
                          M         endif
  00000000            00027 errpercent EQU AbsResult*100/baud
                      00028         if errpercent > 4
                      00029                 ERROR big error in baudrate: 0%
                      00030         endif
                      00031         if errpercent >= 2
                      00032                 messg baudrate not exact: 0%
                      00033         endif
                      00040 
                      00041                 #define first_address max_flash-200             ;100 words
                      00042 
08 18 00 81 80 0F C0 000043                         config FOSC = INTIO67           ;Internal oscillator block, port function on RA6
                             and RA7
MPASM  5.51  TINYBLD18F23K20_INT16MHZ_19200.A   9-17-2013  16:27:46         PAGE  3


LOC  OBJECT CODE     LINE SOURCE TEXT
  VALUE

       F E0 0F 40 
                      00044                         config FCMEN = OFF              ;Fail-Safe Clock Monitor disabled
                      00045                         config IESO = OFF               ;Oscillator Switchover mode disabled
                      00046                         config PWRT = ON                ;PWRT enabled
                      00047                         config BOREN = OFF              ;Brown-out Reset disabled in hardware and softwa
                            re
                      00048                         config BORV = 18                ;VBOR set to 1.8 V nominal
                      00049                         config WDTEN = OFF              ;WDT is controlled by SWDTEN bit of the WDTCON r
                            egister
                      00050                         config WDTPS = 1                ;Watchdog Timer Postscale Select bits 1:1
                      00051                         config CCP2MX = PORTC           ;CCP2 input/output is multiplexed with RC1
                      00052                         config PBADEN = OFF             ;PORTB<4:0> pins are configured as digital I/O o
                            n Reset
                      00053                         config LPT1OSC = OFF            ;Timer1 configured for higher power operation
                      00054                         config HFOFST = OFF             ;The system clock is held off until the HFINTOSC
                             is stable.
                      00055                         config MCLRE = ON               ;MCLR pin enabled RA3 input pin disabled
                      00056                         config STVREN = OFF             ;Stack full/underflow will not cause Reset
                      00057                         config LVP = OFF                ;Single-Supply ICSP disabled
                      00058                         config XINST = OFF              ;Instruction set extension and Indexed Addressin
                            g mode disabled (Legacy mode)
                      00059                         config DEBUG = OFF              ;Background debugger disabled, RA0 and RA1 confi
                            gured as general purpose I/O pins
                      00060                         config CP0 = OFF                ;Block 0 not code-protected
                      00061                         config CP1 = OFF                ;Block 1 not code-protected
                      00062                         config CPB = OFF                ;Boot block not code-protected
                      00063                         config CPD = OFF                ;Data EEPROM not code-protected
                      00064                         config WRT0 = OFF               ;Block 0 not write-protected
                      00065                         config WRT1 = OFF               ;Block 1 not write-protected
                      00066                         config WRTC = OFF               ;Configuration registers not write-protected
                      00067                         config WRTB = OFF               ;Boot block not write-protected
                      00068                         config WRTD = OFF               ;Data EEPROM not write-protected
                      00069                         config EBTR0 = OFF              ;Block 0 not protected from table reads executed
                             in other blocks
                      00070                         config EBTR1 = OFF              ;Block 1 not protected from table reads executed
                             in other blocks
                      00071                         config EBTRB = OFF              ;Boot block not protected from table reads execu
                            ted in other blocks
                      00072 
                      00073 ;----------------------------- PROGRAM ---------------------------------
                      00074         cblock 0
  00000000            00075         buffer:64
  00000040            00076         crc
  00000041            00077         i
  00000042            00078         cnt1
  00000043            00079         cnt2
  00000044            00080         cnt3
  00000045            00081         flag
  00000046            00082         count
                      00083         endc
                      00084         
                      00085 ;0000000000000000000000000 RESET 00000000000000000000000000
                      00086 
MPASM  5.51  TINYBLD18F23K20_INT16MHZ_19200.A   9-17-2013  16:27:46         PAGE  4


LOC  OBJECT CODE     LINE SOURCE TEXT
  VALUE

000000                00087                 ORG     0x0000
000000 EFA0 F00F      00088                 GOTO    IntrareBootloader
                      00089 
                      00090 ;view with TabSize=4
                      00091 ;&&&&&&&&&&&&&&&&&&&&&&&   START     &&&&&&&&&&&&&&&&&&&&&&
                      00092 ;----------------------  Bootloader  ----------------------
                      00093 ;PC_flash:              C1h             U               H               L               64  ...  <64 byt
                            es>   ...  crc
                      00094 ;PC_eeprom:             C1h             40h             EEADRH          EEADR           1       EEDATA  
                                    crc
                      00095 ;PC_cfg                 C1h             U OR 80h        H               L               14  ... <14 byte
                            s>   ...  crc
                      00096 ;PIC_response:     type `K`
                      00097         
001F38                00098         ORG first_address                       ;space to deposit first 4 instr. of user prog.
001F38 0000           00099         nop
001F3A 0000           00100         nop
001F3C 0000           00101         nop
001F3E 0000           00102         nop
                      00103 
001F40                00104         org first_address+8
001F40                00105 IntrareBootloader:
                      00106                                                 ;skip TRIS to 0 C6
001F40 8CD3           00107         bsf     OSCCON,IRCF2                    ;int clock 16MHz
001F42 0E24           00108         movlw   ((1<<TXEN) | (1<<BRGH))         ;init serial port
001F44 6EAC           00109         movwf   TXSTA
                      00110         ;use only SPBRG (8 bit mode default) not using BAUDCON
001F46 0E33           00111         movlw   spbrg_value
001F48 6EAF           00112         movwf   SPBRG
001F4A 0E90           00113         movlw   ((1<<SPEN) | (1<<CREN))
001F4C 6EAB           00114         movwf   RCSTA
                      00115                                                 ;wait for computer
001F4E D843           00116         rcall   Receive
001F50 08C1           00117         sublw   0xC1                            ;Expect C1h
001F52 E150           00118         bnz     way_to_exit
001F54 0E61           00119         movlw   IdTypePIC                       ;send PIC type
001F56 6EAD           00120         movwf   TXREG
                      00121 
001F58                00122 MainLoop:
001F58 0E43           00123         movlw   'C'                             ; "-Everything OK, ready and waiting."
001F5A                00124 mainl:
001F5A 6EAD           00125         movwf   TXREG
001F5C 6A40           00126         clrf    crc
001F5E D83B           00127         rcall   Receive                         ;Upper
001F60 6EF8           00128         movwf   TBLPTRU
001F62 6E45           00129         movwf   flag                            ;(for EEPROM and CFG cases)
001F64 D838           00130         rcall   Receive                         ;Hi
001F66 6EF7           00131         movwf   TBLPTRH
                      00132  #IF (Write_Page == 32)
                      00133         movwf   EEADRH                          ;(for EEPROM case)
                      00134  #ENDIF
001F68 D836           00135         rcall   Receive                         ;Lo
001F6A 6EF6           00136         movwf   TBLPTRL
MPASM  5.51  TINYBLD18F23K20_INT16MHZ_19200.A   9-17-2013  16:27:46         PAGE  5


LOC  OBJECT CODE     LINE SOURCE TEXT
  VALUE

001F6C 6EA9           00137         movwf   EEADR                           ;(for EEPROM case)
                      00138 
001F6E D833           00139         rcall   Receive                         ;count
001F70 6E41           00140         movwf   i
001F72 6E46           00141         movwf   count
001F74 6AE9           00142         clrf    FSR0L                           ;FSR0=buffer TOP
001F76                00143 rcvoct:                                         ;read 64 bytes
001F76 D82F           00144         rcall   Receive
001F78 6EEE           00145         movwf   POSTINC0
001F7A 6EF5           00146         movwf   TABLAT                          ;prepare for cfg; => store byte before crc
001F7C 6EA8           00147         movwf   EEDATA                          ;(for EEPROM case)
001F7E 2E41           00148         decfsz  i
001F80 D7FA           00149         bra     rcvoct
                      00150         
001F82 D829           00151         rcall   Receive                         ;get crc
001F84                00152 ziieroare:                                      ;CRC failed
001F84 0E4E           00153         movlw   'N'
001F86 E1E9           00154         bnz     mainl
                      00155 
001F88 AC45           00156         btfss   flag,6                          ;is EEPROM data?
001F8A D003           00157         bra     noeeprom
001F8C 0E04           00158         movlw   (1<<WREN)                       ;Setup eeprom
001F8E D81B           00159         rcall   Write
001F90 D014           00160         bra     waitwre
                      00161 
001F92                00162 noeeprom:
001F92 6AE9           00163         clrf    FSR0L                           ;FSR0=buffer TOP
001F94 AE45           00164         btfss   flag,7                          ;is CFG data?
001F96 D006           00165         bra     noconfig
001F98 000A           00166         TBLRD*-                                 ; point to adr-1
001F9A                00167 lp_noeeprom:
001F9A D811           00168         rcall   put1byte
001F9C D814           00169         rcall   Write
001F9E 2E46           00170         decfsz  count,f
001FA0 D7FC           00171         bra     lp_noeeprom
001FA2 D00B           00172         bra     waitwre
                      00173 
001FA4                00174 noconfig:
                      00175                                                 ;write
001FA4                00176 eraseloop:
001FA4 0E94           00177         movlw   ((1<<EEPGD) | (1<<FREE) | (1<<WREN))    ; Setup erase
001FA6 D80F           00178         rcall   Write
001FA8 000A           00179         TBLRD*-                                 ; point to adr-1
                      00180         
001FAA                00181 writebigloop:
                      00182 
001FAA                00183 writesloop:
                      00184  #IF (Write_Page == 8)
001FAA 8841           00185         bsf     i,4                             ; 16bytes
                      00186  #ENDIF
                      00187  #IF (Write_Page == 16)
                      00188         bsf     i,5                             ; 32bytes
                      00189  #ENDIF
MPASM  5.51  TINYBLD18F23K20_INT16MHZ_19200.A   9-17-2013  16:27:46         PAGE  6


LOC  OBJECT CODE     LINE SOURCE TEXT
  VALUE

                      00190  #IF (Write_Page == 32)
                      00191         bsf     i,6                             ; 64bytes
                      00192  #ENDIF
001FAC                00193 writebyte:
001FAC D808           00194         rcall   put1byte
001FAE 2E41           00195         decfsz  i
001FB0 D7FD           00196         bra     writebyte
                      00197         
001FB2 0E84           00198         movlw   ((1<<EEPGD) | (1<<WREN))        ; Setup writes
001FB4 D808           00199         rcall   Write
001FB6 ACE9           00200         btfss   FSR0L,6                         ; FSR0=64?
001FB8 D7F8           00201         bra     writesloop
                      00202 
001FBA                00203 waitwre:
                      00204         ;btfsc  EECON1,WR                       ;for eeprom writes (wait to finish write)
                      00205         ;bra    waitwre                         ;no need: round trip time with PC bigger than 4ms
                      00206         
001FBA 94A6           00207         bcf     EECON1,WREN                     ;disable writes
001FBC D7CD           00208         bra     MainLoop
                      00209         
                      00210 
                      00211 ;******** procedures ******************
                      00212 
001FBE                00213 put1byte:
001FBE 50EE           00214         movf    POSTINC0,w              ; put 1 byte
001FC0 6EF5           00215         movwf   TABLAT
001FC2 000F           00216         tblwt+*
001FC4 0CC4           00217         retlw   ((1<<EEPGD) | (1<<CFGS) | (1<<WREN))    ;Setup cfg
                      00218 
                      00219 
001FC6                00220 Write:
001FC6 6EA6           00221         movwf   EECON1
001FC8 0E55           00222         movlw   0x55
001FCA 6EA7           00223         movwf   EECON2
001FCC 0EAA           00224         movlw   0xAA
001FCE 6EA7           00225         movwf   EECON2
001FD0 82A6           00226         bsf     EECON1,WR                       ;WRITE
001FD2 0000           00227         nop
                      00228         ;nop
001FD4 0012           00229         return
                      00230 
                      00231 
001FD6                00232 Receive:
001FD6 0E09           00233         movlw   (xtal/2000000+1)                ; for 20MHz => 11 => 1second delay
001FD8 6E42           00234         movwf   cnt1
001FDA                00235 rpt2:
001FDA 6A43           00236         clrf    cnt2
001FDC                00237 rpt3:
001FDC 6A44           00238         clrf    cnt3
001FDE                00239 rptc:
001FDE AA9E           00240         btfss   PIR1,RCIF                       ;test RX
001FE0 D003           00241         bra     notrcv
001FE2 50AE           00242         movf    RCREG,w                         ;return read data in W
MPASM  5.51  TINYBLD18F23K20_INT16MHZ_19200.A   9-17-2013  16:27:46         PAGE  7


LOC  OBJECT CODE     LINE SOURCE TEXT
  VALUE

001FE4 2640           00243         addwf   crc,f                           ;compute crc
001FE6 0012           00244         return
001FE8                00245 notrcv:
001FE8 2E44           00246         decfsz  cnt3
001FEA D7F9           00247         bra     rptc
001FEC 2E43           00248         decfsz  cnt2
001FEE D7F6           00249         bra     rpt3
001FF0 2E42           00250         decfsz  cnt1
001FF2 D7F3           00251         bra     rpt2
                      00252         ;timeout:
001FF4                00253 way_to_exit:
001FF4 9EAB           00254         bcf     RCSTA,SPEN                      ; deactivate UART
001FF6 D7A0           00255         bra     first_address
                      00256 ;*************************************************************
                      00257 ; After reset
                      00258 ; Do not expect the memory to be zero,
                      00259 ; Do not expect registers to be initialised like in catalog.
                      00260 
                      00261             END
MPASM  5.51  TINYBLD18F23K20_INT16MHZ_19200.A   9-17-2013  16:27:46         PAGE  8


SYMBOL TABLE
  LABEL                             VALUE 

A                                 00000000
ABDEN                             00000000
ABDOVF                            00000007
ACCESS                            00000000
ACKDT                             00000005
ACKEN                             00000004
ACKSTAT                           00000006
ACQT0                             00000003
ACQT1                             00000004
ACQT2                             00000005
ADCON0                            00000FC2
ADCON1                            00000FC1
ADCON2                            00000FC0
ADCS0                             00000000
ADCS1                             00000001
ADCS2                             00000002
ADDEN                             00000003
ADEN                              00000003
ADFM                              00000007
ADIE                              00000006
ADIF                              00000006
ADIP                              00000006
ADON                              00000000
ADRES                             00000FC3
ADRESH                            00000FC4
ADRESL                            00000FC3
AN0                               00000000
AN1                               00000001
AN10                              00000001
AN11                              00000004
AN12                              00000000
AN2                               00000002
AN3                               00000003
AN4                               00000005
AN8                               00000002
AN9                               00000003
ANS0                              00000000
ANS1                              00000001
ANS10                             00000002
ANS11                             00000003
ANS12                             00000004
ANS2                              00000002
ANS3                              00000003
ANS4                              00000004
ANS8                              00000000
ANS9                              00000001
ANSEL                             00000F7E
ANSELH                            00000F7F
Abs                               
AbsResult                         0000001F
BANKED                            00000001
BAUDCON                           00000FB8
BAUDCTL                           00000FB8
MPASM  5.51  TINYBLD18F23K20_INT16MHZ_19200.A   9-17-2013  16:27:46         PAGE  9


SYMBOL TABLE
  LABEL                             VALUE 

BCLIE                             00000003
BCLIF                             00000003
BCLIP                             00000003
BF                                00000000
BGST                              00000005
BOR                               00000000
BRG16                             00000003
BRGH                              00000002
BSR                               00000FE0
C                                 00000000
C12IN0M                           00000000
C12IN0N                           00000000
C12IN1M                           00000001
C12IN1N                           00000001
C12IN2M                           00000003
C12IN2N                           00000003
C12IN3M                           00000001
C12IN3N                           00000001
C1CH0                             00000000
C1CH1                             00000001
C1IE                              00000006
C1IF                              00000006
C1INP                             00000003
C1IP                              00000006
C1OE                              00000005
C1ON                              00000007
C1OUT_CM1CON0                     00000006
C1OUT_PORTA                       00000004
C1POL                             00000004
C1R                               00000002
C1RSEL                            00000005
C1SP                              00000003
C2CH0                             00000000
C2CH1                             00000001
C2IE                              00000005
C2IF                              00000005
C2INP                             00000002
C2IP                              00000005
C2OE                              00000005
C2ON                              00000007
C2OUT_CM2CON0                     00000006
C2OUT_PORTA                       00000005
C2POL                             00000004
C2R                               00000002
C2RSEL                            00000004
C2SP                              00000003
CCP1                              00000002
CCP1CON                           00000FBD
CCP1IE                            00000002
CCP1IF                            00000002
CCP1IP                            00000002
CCP1M0                            00000000
CCP1M1                            00000001
MPASM  5.51  TINYBLD18F23K20_INT16MHZ_19200.A   9-17-2013  16:27:46         PAGE 10


SYMBOL TABLE
  LABEL                             VALUE 

CCP1M2                            00000002
CCP1M3                            00000003
CCP2CON                           00000FBA
CCP2IE                            00000000
CCP2IF                            00000000
CCP2IP                            00000000
CCP2M0                            00000000
CCP2M1                            00000001
CCP2M2                            00000002
CCP2M3                            00000003
CCP2_PORTB                        00000003
CCP2_PORTC                        00000001
CCPR1                             00000FBE
CCPR1H                            00000FBF
CCPR1L                            00000FBE
CCPR2                             00000FBB
CCPR2H                            00000FBC
CCPR2L                            00000FBB
CFGS                              00000006
CHS0                              00000002
CHS1                              00000003
CHS2                              00000004
CHS3                              00000005
CK                                00000006
CKE                               00000006
CKP                               00000004
CKTXP                             00000004
CM1CON0                           00000F7B
CM2CON0                           00000F7A
CM2CON1                           00000F79
CREN                              00000004
CSRC                              00000007
CVR0                              00000000
CVR1                              00000001
CVR2                              00000002
CVR3                              00000003
CVRCON                            00000FB5
CVRCON2                           00000FB4
CVREF                             00000002
CVREN                             00000007
CVROE                             00000006
CVRR                              00000005
CVRSS                             00000004
D                                 00000005
DC                                00000001
DC1B0                             00000004
DC1B1                             00000005
DC2B0                             00000004
DC2B1                             00000005
DDRA                              TRISA
DDRB                              TRISB
DDRC                              TRISC
DDRD                              TRISD
MPASM  5.51  TINYBLD18F23K20_INT16MHZ_19200.A   9-17-2013  16:27:46         PAGE 11


SYMBOL TABLE
  LABEL                             VALUE 

DDRE                              TRISE
DONE                              00000001
DTRXP                             00000005
D_A                               00000005
D_NOT_A                           00000005
ECCP1AS                           00000FB6
ECCPAS0                           00000004
ECCPAS1                           00000005
ECCPAS2                           00000006
ECCPASE                           00000007
EEADR                             00000FA9
EEADR0                            00000000
EEADR1                            00000001
EEADR2                            00000002
EEADR3                            00000003
EEADR4                            00000004
EEADR5                            00000005
EEADR6                            00000006
EEADR7                            00000007
EECON1                            00000FA6
EECON2                            00000FA7
EEDATA                            00000FA8
EEIE                              00000004
EEIF                              00000004
EEIP                              00000004
EEPGD                             00000007
FAST                              00000001
FERR                              00000002
FLT0                              00000000
FREE                              00000004
FSR0                              00000000
FSR0H                             00000FEA
FSR0L                             00000FE9
FSR1                              00000001
FSR1H                             00000FE2
FSR1L                             00000FE1
FSR2                              00000002
FSR2H                             00000FDA
FSR2L                             00000FD9
FVREN                             00000007
FVRST                             00000006
GCEN                              00000007
GIE                               00000007
GIEH                              00000007
GIEL                              00000006
GIE_GIEH                          00000007
GO                                00000001
GO_DONE                           00000001
GO_NOT_DONE                       00000001
HLVDCON                           00000FD2
HLVDEN                            00000004
HLVDIE                            00000002
HLVDIF                            00000002
MPASM  5.51  TINYBLD18F23K20_INT16MHZ_19200.A   9-17-2013  16:27:46         PAGE 12


SYMBOL TABLE
  LABEL                             VALUE 

HLVDIN                            00000005
HLVDIP                            00000002
HLVDL0                            00000000
HLVDL1                            00000001
HLVDL2                            00000002
HLVDL3                            00000003
IDLEN                             00000007
INDF0                             00000FEF
INDF1                             00000FE7
INDF2                             00000FDF
INT0                              00000000
INT0E                             00000004
INT0F                             00000001
INT0IE                            00000004
INT0IF                            00000001
INT1                              00000001
INT1E                             00000003
INT1F                             00000000
INT1IE                            00000003
INT1IF                            00000000
INT1IP                            00000006
INT1P                             00000006
INT2                              00000002
INT2E                             00000004
INT2F                             00000001
INT2IE                            00000004
INT2IF                            00000001
INT2IP                            00000007
INT2P                             00000007
INTCON                            00000FF2
INTCON2                           00000FF1
INTCON3                           00000FF0
INTEDG0                           00000006
INTEDG1                           00000005
INTEDG2                           00000004
INTSRC                            00000007
IOCB                              00000F7D
IOCB4                             00000004
IOCB5                             00000005
IOCB6                             00000006
IOCB7                             00000007
IOFS                              00000002
IPEN                              00000007
IPR1                              00000F9F
IPR2                              00000FA2
IRCF0                             00000004
IRCF1                             00000005
IRCF2                             00000006
IRVST                             00000005
IVRST                             00000005
IdTypePIC                         00000061
IntrareBootloader                 00001F40
KBI0                              00000004
MPASM  5.51  TINYBLD18F23K20_INT16MHZ_19200.A   9-17-2013  16:27:46         PAGE 13


SYMBOL TABLE
  LABEL                             VALUE 

KBI1                              00000005
KBI2                              00000006
KBI3                              00000007
LATA                              00000F89
LATA0                             00000000
LATA1                             00000001
LATA2                             00000002
LATA3                             00000003
LATA4                             00000004
LATA5                             00000005
LATA6                             00000006
LATA7                             00000007
LATB                              00000F8A
LATB0                             00000000
LATB1                             00000001
LATB2                             00000002
LATB3                             00000003
LATB4                             00000004
LATB5                             00000005
LATB6                             00000006
LATB7                             00000007
LATC                              00000F8B
LATC0                             00000000
LATC1                             00000001
LATC2                             00000002
LATC3                             00000003
LATC4                             00000004
LATC5                             00000005
LATC6                             00000006
LATC7                             00000007
LVDCON                            00000FD2
LVDEN                             00000004
LVDIE                             00000002
LVDIF                             00000002
LVDIN                             00000005
LVDIP                             00000002
LVDL0                             00000000
LVDL1                             00000001
LVDL2                             00000002
LVDL3                             00000003
LVV0                              00000000
LVV1                              00000001
LVV2                              00000002
LVV3                              00000003
MC1OUT                            00000007
MC2OUT                            00000006
MCLR                              00000003
MSK0                              00000000
MSK1                              00000001
MSK2                              00000002
MSK3                              00000003
MSK4                              00000004
MSK5                              00000005
MPASM  5.51  TINYBLD18F23K20_INT16MHZ_19200.A   9-17-2013  16:27:46         PAGE 14


SYMBOL TABLE
  LABEL                             VALUE 

MSK6                              00000006
MSK7                              00000007
MainLoop                          00001F58
N                                 00000004
NOT_A                             00000005
NOT_ADDRESS                       00000005
NOT_BOR                           00000000
NOT_DONE                          00000001
NOT_MCLR                          00000003
NOT_PD                            00000002
NOT_POR                           00000001
NOT_RBPU                          00000007
NOT_RI                            00000004
NOT_SS                            00000005
NOT_T1SYNC                        00000002
NOT_T3SYNC                        00000002
NOT_TO                            00000003
NOT_W                             00000002
NOT_WRITE                         00000002
OERR                              00000001
OSCCON                            00000FD3
OSCFIE                            00000007
OSCFIF                            00000007
OSCFIP                            00000007
OSCTUNE                           00000F9B
OSTS                              00000003
OV                                00000003
P                                 00000004
P1A                               00000002
P1B                               00000002
P1C                               00000001
P1D                               00000004
P1M0                              00000006
P1M1                              00000007
PC                                00000FF9
PCL                               00000FF9
PCLATH                            00000FFA
PCLATU                            00000FFB
PD                                00000002
PDC0                              00000000
PDC1                              00000001
PDC2                              00000002
PDC3                              00000003
PDC4                              00000004
PDC5                              00000005
PDC6                              00000006
PEIE                              00000006
PEIE_GIEL                         00000006
PEN                               00000002
PGC                               00000006
PGD                               00000007
PGM                               00000005
PIE1                              00000F9D
MPASM  5.51  TINYBLD18F23K20_INT16MHZ_19200.A   9-17-2013  16:27:46         PAGE 15


SYMBOL TABLE
  LABEL                             VALUE 

PIE2                              00000FA0
PIR1                              00000F9E
PIR2                              00000FA1
PLLEN                             00000006
PLUSW0                            00000FEB
PLUSW1                            00000FE3
PLUSW2                            00000FDB
POR                               00000001
PORTA                             00000F80
PORTB                             00000F81
PORTC                             00000F82
PORTE                             00000F84
POSTDEC0                          00000FED
POSTDEC1                          00000FE5
POSTDEC2                          00000FDD
POSTINC0                          00000FEE
POSTINC1                          00000FE6
POSTINC2                          00000FDE
PR2                               00000FCB
PREINC0                           00000FEC
PREINC1                           00000FE4
PREINC2                           00000FDC
PROD                              00000FF3
PRODH                             00000FF4
PRODL                             00000FF3
PRSEN                             00000007
PSA                               00000003
PSSAC0                            00000002
PSSAC1                            00000003
PSSBD0                            00000000
PSSBD1                            00000001
PSTRCON                           00000FB9
PWM1CON                           00000FB7
R                                 00000002
RA0                               00000000
RA1                               00000001
RA2                               00000002
RA3                               00000003
RA4                               00000004
RA5                               00000005
RA6                               00000006
RA7                               00000007
RB0                               00000000
RB1                               00000001
RB2                               00000002
RB3                               00000003
RB4                               00000004
RB5                               00000005
RB6                               00000006
RB7                               00000007
RBIE                              00000003
RBIF                              00000000
RBIP                              00000000
MPASM  5.51  TINYBLD18F23K20_INT16MHZ_19200.A   9-17-2013  16:27:46         PAGE 16


SYMBOL TABLE
  LABEL                             VALUE 

RBPU                              00000007
RC0                               00000000
RC1                               00000001
RC2                               00000002
RC3                               00000003
RC4                               00000004
RC5                               00000005
RC6                               00000006
RC7                               00000007
RCEN                              00000003
RCIDL                             00000006
RCIE                              00000005
RCIF                              00000005
RCIP                              00000005
RCON                              00000FD0
RCREG                             00000FAE
RCSTA                             00000FAB
RD                                00000000
RD16                              00000007
RE3                               00000003
RI                                00000004
RSEN                              00000001
RX                                00000007
RX9                               00000006
RX9D                              00000000
R_NOT_W                           00000002
R_W                               00000002
Receive                           00001FD6
Round                             
RoundResult                       00004B1F
S                                 00000003
SBOREN                            00000006
SCK                               00000003
SCKP                              00000004
SCL                               00000003
SCS0                              00000000
SCS1                              00000001
SDA                               00000004
SDI                               00000004
SDO                               00000005
SEN                               00000000
SENDB                             00000003
SLRA                              00000000
SLRB                              00000001
SLRC                              00000002
SLRCON                            00000F78
SMP                               00000007
SP0                               00000000
SP1                               00000001
SP2                               00000002
SP3                               00000003
SP4                               00000004
SPBRG                             00000FAF
MPASM  5.51  TINYBLD18F23K20_INT16MHZ_19200.A   9-17-2013  16:27:46         PAGE 17


SYMBOL TABLE
  LABEL                             VALUE 

SPBRGH                            00000FB0
SPEN                              00000007
SREN                              00000005
SS                                00000005
SSPADD                            00000FC8
SSPBUF                            00000FC9
SSPCON1                           00000FC6
SSPCON2                           00000FC5
SSPEN                             00000005
SSPIE                             00000003
SSPIF                             00000003
SSPIP                             00000003
SSPM0                             00000000
SSPM1                             00000001
SSPM2                             00000002
SSPM3                             00000003
SSPMSK                            00000F77
SSPOV                             00000006
SSPSTAT                           00000FC7
START                             00000003
STATUS                            00000FD8
STKFUL                            00000007
STKOVF                            00000007
STKPTR                            00000FFC
STKUNF                            00000006
STOP                              00000004
STRA                              00000000
STRB                              00000001
STRC                              00000002
STRD                              00000003
STRSYNC                           00000004
SWDTE                             00000000
SWDTEN                            00000000
SYNC                              00000004
T08BIT                            00000006
T0CKI                             00000004
T0CON                             00000FD5
T0CS                              00000005
T0IE                              00000005
T0IF                              00000002
T0PS0                             00000000
T0PS1                             00000001
T0PS2                             00000002
T0SE                              00000004
T13CKI                            00000000
T1CKI                             00000000
T1CKPS0                           00000004
T1CKPS1                           00000005
T1CON                             00000FCD
T1OSCEN                           00000003
T1OSI                             00000001
T1OSO                             00000000
T1RUN                             00000006
MPASM  5.51  TINYBLD18F23K20_INT16MHZ_19200.A   9-17-2013  16:27:46         PAGE 18


SYMBOL TABLE
  LABEL                             VALUE 

T1SYNC                            00000002
T2CKPS0                           00000000
T2CKPS1                           00000001
T2CON                             00000FCA
T2OUTPS0                          00000003
T2OUTPS1                          00000004
T2OUTPS2                          00000005
T2OUTPS3                          00000006
T3CCP1                            00000003
T3CCP2                            00000006
T3CKI                             00000000
T3CKPS0                           00000004
T3CKPS1                           00000005
T3CON                             00000FB1
T3SYNC                            00000002
TABLAT                            00000FF5
TBLPTR                            00000FF6
TBLPTRH                           00000FF7
TBLPTRL                           00000FF6
TBLPTRU                           00000FF8
TMR0                              00000FD6
TMR0H                             00000FD7
TMR0IE                            00000005
TMR0IF                            00000002
TMR0IP                            00000002
TMR0L                             00000FD6
TMR0ON                            00000007
TMR1                              00000FCE
TMR1CS                            00000001
TMR1H                             00000FCF
TMR1IE                            00000000
TMR1IF                            00000000
TMR1IP                            00000000
TMR1L                             00000FCE
TMR1ON                            00000000
TMR2                              00000FCC
TMR2IE                            00000001
TMR2IF                            00000001
TMR2IP                            00000001
TMR2ON                            00000002
TMR3                              00000FB2
TMR3CS                            00000001
TMR3H                             00000FB3
TMR3IE                            00000001
TMR3IF                            00000001
TMR3IP                            00000001
TMR3L                             00000FB2
TMR3ON                            00000000
TO                                00000003
TOS                               00000FFD
TOSH                              00000FFE
TOSL                              00000FFD
TOSU                              00000FFF
MPASM  5.51  TINYBLD18F23K20_INT16MHZ_19200.A   9-17-2013  16:27:46         PAGE 19


SYMBOL TABLE
  LABEL                             VALUE 

TRISA                             00000F92
TRISA0                            00000000
TRISA1                            00000001
TRISA2                            00000002
TRISA3                            00000003
TRISA4                            00000004
TRISA5                            00000005
TRISA6                            00000006
TRISA7                            00000007
TRISB                             00000F93
TRISB0                            00000000
TRISB1                            00000001
TRISB2                            00000002
TRISB3                            00000003
TRISB4                            00000004
TRISB5                            00000005
TRISB6                            00000006
TRISB7                            00000007
TRISC                             00000F94
TRISC0                            00000000
TRISC1                            00000001
TRISC2                            00000002
TRISC3                            00000003
TRISC4                            00000004
TRISC5                            00000005
TRISC6                            00000006
TRISC7                            00000007
TRMT                              00000001
TUN0                              00000000
TUN1                              00000001
TUN2                              00000002
TUN3                              00000003
TUN4                              00000004
TUN5                              00000005
TX                                00000006
TX9                               00000006
TX9D                              00000000
TXEN                              00000005
TXIE                              00000004
TXIF                              00000004
TXIP                              00000004
TXREG                             00000FAD
TXSTA                             00000FAC
UA                                00000001
VCFG0                             00000004
VCFG1                             00000005
VDIRMAG                           00000007
VPP                               00000003
VREFM                             00000002
VREFN                             00000002
VREFP                             00000003
W                                 00000000
WCOL                              00000007
MPASM  5.51  TINYBLD18F23K20_INT16MHZ_19200.A   9-17-2013  16:27:46         PAGE 20


SYMBOL TABLE
  LABEL                             VALUE 

WDTCON                            00000FD1
WPUB                              00000F7C
WPUB0                             00000000
WPUB1                             00000001
WPUB2                             00000002
WPUB3                             00000003
WPUB4                             00000004
WPUB5                             00000005
WPUB6                             00000006
WPUB7                             00000007
WR                                00000001
WREG                              00000FE8
WREN                              00000002
WRERR                             00000003
WUE                               00000001
Write                             00001FC6
Write_Page                        8
Z                                 00000002
_BOREN_NOSLP_2L                   000000FD
_BOREN_OFF_2L                     000000F9
_BOREN_ON_2L                      000000FB
_BOREN_SBORDIS_2L                 000000FF
_BORV_18_2L                       000000FF
_BORV_22_2L                       000000F7
_BORV_27_2L                       000000EF
_BORV_30_2L                       000000E7
_CCP2MX_PORTBE_3H                 000000FE
_CCP2MX_PORTC_3H                  000000FF
_CONFIG1H                         00300001
_CONFIG2H                         00300003
_CONFIG2L                         00300002
_CONFIG3H                         00300005
_CONFIG4L                         00300006
_CONFIG5H                         00300009
_CONFIG5L                         00300008
_CONFIG6H                         0030000B
_CONFIG6L                         0030000A
_CONFIG7H                         0030000D
_CONFIG7L                         0030000C
_CP0_OFF_5L                       000000FF
_CP0_ON_5L                        000000FE
_CP1_OFF_5L                       000000FF
_CP1_ON_5L                        000000FD
_CPB_OFF_5H                       000000FF
_CPB_ON_5H                        000000BF
_CPD_OFF_5H                       000000FF
_CPD_ON_5H                        0000007F
_DEBUG_OFF_4L                     000000FF
_DEBUG_ON_4L                      0000007F
_DEVID1                           003FFFFE
_DEVID2                           003FFFFF
_EBTR0_OFF_7L                     000000FF
_EBTR0_ON_7L                      000000FE
MPASM  5.51  TINYBLD18F23K20_INT16MHZ_19200.A   9-17-2013  16:27:46         PAGE 21


SYMBOL TABLE
  LABEL                             VALUE 

_EBTR1_OFF_7L                     000000FF
_EBTR1_ON_7L                      000000FD
_EBTRB_OFF_7H                     000000FF
_EBTRB_ON_7H                      000000BF
_FCMEN_OFF_1H                     000000BF
_FCMEN_ON_1H                      000000FF
_FOSC_ECIO6_1H                    000000F5
_FOSC_EC_1H                       000000F4
_FOSC_HSPLL_1H                    000000F6
_FOSC_HS_1H                       000000F2
_FOSC_INTIO67_1H                  000000F8
_FOSC_INTIO7_1H                   000000F9
_FOSC_LP_1H                       000000F0
_FOSC_RCIO6_1H                    000000F7
_FOSC_RC_1H                       000000F3
_FOSC_XT_1H                       000000F1
_HFOFST_OFF_3H                    000000F7
_HFOFST_ON_3H                     000000FF
_IDLOC0                           00200000
_IDLOC1                           00200001
_IDLOC2                           00200002
_IDLOC3                           00200003
_IDLOC4                           00200004
_IDLOC5                           00200005
_IDLOC6                           00200006
_IDLOC7                           00200007
_IESO_OFF_1H                      0000007F
_IESO_ON_1H                       000000FF
_LPT1OSC_OFF_3H                   000000FB
_LPT1OSC_ON_3H                    000000FF
_LVP_OFF_4L                       000000FB
_LVP_ON_4L                        000000FF
_MCLRE_OFF_3H                     0000007F
_MCLRE_ON_3H                      000000FF
_PBADEN_OFF_3H                    000000FD
_PBADEN_ON_3H                     000000FF
_PWRT_OFF_2L                      000000FF
_PWRT_ON_2L                       000000FE
_STVREN_OFF_4L                    000000FE
_STVREN_ON_4L                     000000FF
_WDTEN_OFF_2H                     000000FE
_WDTEN_ON_2H                      000000FF
_WDTPS_1024_2H                    000000F5
_WDTPS_128_2H                     000000EF
_WDTPS_16384_2H                   000000FD
_WDTPS_16_2H                      000000E9
_WDTPS_1_2H                       000000E1
_WDTPS_2048_2H                    000000F7
_WDTPS_256_2H                     000000F1
_WDTPS_2_2H                       000000E3
_WDTPS_32768_2H                   000000FF
_WDTPS_32_2H                      000000EB
_WDTPS_4096_2H                    000000F9
MPASM  5.51  TINYBLD18F23K20_INT16MHZ_19200.A   9-17-2013  16:27:46         PAGE 22


SYMBOL TABLE
  LABEL                             VALUE 

_WDTPS_4_2H                       000000E5
_WDTPS_512_2H                     000000F3
_WDTPS_64_2H                      000000ED
_WDTPS_8192_2H                    000000FB
_WDTPS_8_2H                       000000E7
_WRT0_OFF_6L                      000000FF
_WRT0_ON_6L                       000000FE
_WRT1_OFF_6L                      000000FF
_WRT1_ON_6L                       000000FD
_WRTB_OFF_6H                      000000FF
_WRTB_ON_6H                       000000BF
_WRTC_OFF_6H                      000000FF
_WRTC_ON_6H                       000000DF
_WRTD_OFF_6H                      000000FF
_WRTD_ON_6H                       0000007F
_XINST_OFF_4L                     000000BF
_XINST_ON_4L                      000000FF
__18F23K20                        00000001
baud                              00004B00
baud_real                         00004B1F
buffer                            00000000
cnt1                              00000042
cnt2                              00000043
cnt3                              00000044
count                             00000046
crc                               00000040
eraseloop                         00001FA4
errpercent                        00000000
first_address                     max_flash-200
flag                              00000045
i                                 00000041
lp_noeeprom                       00001F9A
mainl                             00001F5A
max_flash                         0x2000
noconfig                          00001FA4
noeeprom                          00001F92
notrcv                            00001FE8
put1byte                          00001FBE
rcvoct                            00001F76
rpt2                              00001FDA
rpt3                              00001FDC
rptc                              00001FDE
spbrg_value                       00000033
waitwre                           00001FBA
way_to_exit                       00001FF4
writebigloop                      00001FAA
writebyte                         00001FAC
writesloop                        00001FAA
xtal                              00F42400
ziieroare                         00001F84
MPASM  5.51  TINYBLD18F23K20_INT16MHZ_19200.A   9-17-2013  16:27:46         PAGE 23


MEMORY USAGE MAP ('X' = Used,  '-' = Unused)


0000 : XXXX------------ ---------------- ---------------- ----------------
1F00 : ---------------- ---------------- ---------------- --------XXXXXXXX
1F40 : XXXXXXXXXXXXXXXX XXXXXXXXXXXXXXXX XXXXXXXXXXXXXXXX XXXXXXXXXXXXXXXX
1F80 : XXXXXXXXXXXXXXXX XXXXXXXXXXXXXXXX XXXXXXXXXXXXXXXX XXXXXXXXXXXXXXXX
1FC0 : XXXXXXXXXXXXXXXX XXXXXXXXXXXXXXXX XXXXXXXXXXXXXXXX XXXXXXXX--------
0000 : -XXX-XX-XXXXXX-- ---------------- ---------------- ----------------

All other memory blocks unused.

Program Memory Bytes Used:   207
Program Memory Bytes Free:  7985


Errors   :     0
Warnings :     0 reported,     0 suppressed
Messages :     0 reported,     0 suppressed

