MPASM  5.51  TINYBLD18F25J11_INT8MHZ_19200.AS   11-24-2013  0:31:07         PAGE  1


LOC  OBJECT CODE     LINE SOURCE TEXT
  VALUE

                      00001         radix DEC
                      00002         
                      00003         ; change these lines accordingly to your application    
                      00004 #include "p18f25j11.inc"
                      00001         LIST
                      00002 
                      00003 ;==========================================================================
                      00004 ;  MPASM PIC18F25J11 processor include
                      00005 ; 
                      00006 ;  (c) Copyright 1999-2013 Microchip Technology, All rights reserved
                      00007 ;==========================================================================
                      00008 
                      01821         LIST
  00000031            00005 IdTypePIC = 0x31                ; Please refer to the table below, must exists in "piccodes.ini"        
                      00006 #define max_flash  0x8000       ; in bytes, not WORDS!!! , Please refer to the table below
                      00007         
  007A1200            00008 xtal    EQU     8000000 ; you may also want to change: _HS_OSC _XT_OSC
  00004B00            00009 baud    EQU     19200   ; standard TinyBld baud rates: 115200 or 19200
                      00010 
                      00011 ;   The above 5 lines can be changed and buid a bootloader for the desired frequency (and PIC type)
                      00012 
                      00013 ; +---------+--------+------------+------------+-------------+-------------+-----------+--------+------+
                      00014 ; |IdTypePIC| Device | Write_Page | Erase_Page |   TX bit    |   RX bit    | max_flash | EEPROM | PDIP |
                      00015 ; +---------+--------+------------+------------+-------------+-------------+-----------+--------+------+
                      00016 ; |   0x30  |18F24J11|  32 words  |  512 words |    C6(17)   |    C7(18)   |   0x4000  |   0    |  28  |
                      00017 ; |   0x30  |18F44J11|  32 words  |  512 words |    C6(25)   |    C7(26)   |   0x4000  |   0    |  40  |
                      00018 ; |   0x31  |18F25J11|  32 words  |  512 words |    C6(17)   |    C7(18)   |   0x8000  |   0    |  28  |
                      00019 ; |   0x31  |18F45J11|  32 words  |  512 words |    C6(25)   |    C7(26)   |   0x8000  |   0    |  40  |
                      00020 ; |   0x32  |18F26J11|  32 words  |  512 words |    C6(17)   |    C7(18)   |   0x8000  |   0    |  28  |
                      00021 ; |   0x32  |18F46J11|  32 words  |  512 words |    C6(25)   |    C7(26)   |   0x8000  |   0    |  40  |
                      00022 ; +---------+--------+------------+------------+-------------+-------------+-----------+--------+------+
                      00023 
                      00024 ;max_flash-1024 +---------------+                               +---------------+       +---------------
                            +
                      00025 ;               |               |    1.Copy Flash to RAM        |               |       |               
                            |
                      00026 ;               |               |    2.Rewrite Config or not    |     0xFF      |       |      0xFF     
                            |
                      00027 ;               |               |    3.Erase upper Flash Page   |               |       |               
                            |
                      00028 ;               | User Program1 |    4.Copy RAM to Flash        |               |       |               
                            |
                      00029 ;max_flash-640  |               |    5.Move PC to upper Flash   +---------------+       +---------------
                            +
                      00030 ;               |               |    6.Erase lower Flash Page   |   Bootloader  |<-PC   |   Bootloader  
                            |
                      00031 ;max_flash-516  |               |    7.Copy RAM to Flash        +---------------+       +---------------
                            +
                      00032 ;               |               |    8.Move PC to lower Flash   |    Config1    |       |    Config1    
                            |
                      00033 ;max_flash-512  +---------------+    9.Write User Program       +---------------+       +---------------
                            +
                      00034 ;               |               |      and Vector               |               |       |               
MPASM  5.51  TINYBLD18F25J11_INT8MHZ_19200.AS   11-24-2013  0:31:07         PAGE  2


LOC  OBJECT CODE     LINE SOURCE TEXT
  VALUE

                            |
                      00035 ;               | User Program2 |                               | User Program2 |       |      0xFF     
                            |
                      00036 ;max_flash-132  +---------------+                               +---------------+       |               
                            |
                      00037 ;               |    Vector     | <RAM>                         |    Vector     |       |               
                            |
                      00038 ;max_flash-128  +---------------+ 0x100 +---------------+       +---------------+       +---------------
                            +
                      00039 ;               |   Bootloader  |       |   Bootloader  |       |   Bootloader  |       |   Bootloader  
                            |<-PC
                      00040 ;max_flash-4    +---------------+ 0x1F8 +---------------+       +---------------+       +---------------
                            +
                      00041 ;               |    Config0    |       |     Config1   |       |    Config0    |       |     Config1   
                            |
                      00042 ;max_flash      +---------------+ 0x200 +---------------+       +---------------+       +---------------
                            +
                      00043 
                      00044         ;********************************************************************
                      00045         ;       Tiny Bootloader         18F2XJ11/18F4XJ11       Size=132words
                      00046         ;       claudiu.chiculita@ugal.ro
                      00047         ;       http://www.etc.ugal.ro/cchiculita/software/picbootloader.htm
                      00048         ;       (2013.11.18 Revision 3)
                      00049         ;
                      00050         ;       This program is only available in Tiny AVR/PIC Bootloader +.
                      00051         ;
                      00052         ;       Tiny AVR/PIC Bootloader +
                      00053         ;       https://sourceforge.net/projects/tinypicbootload/
                      00054         ;
                      00055         ;       $30, J, 18F(J) w/16KB flash & 0B EEPROM, $4000, 0, default, default,
                      00056         ;       $31, J, 18F(J) w/32KB flash & 0B EEPROM, $8000, 0, default, default,
                      00057         ;       $32, J, 18F(J) w/64KB flash & 0B EEPROM, $10000, 0, default, default,
                      00058         ;
                      00059         ;********************************************************************
                      00060 
                      00061         #include "../spbrgselect.inc"   ; RoundResult and baud_rate
  00000000            00001 RoundResult SET 0                               ; Rounding function.  RoundResult = Round(aa/bb)
                      00002 Round   macro aa,bb
                      00003         LOCAL rr = aa/bb
                      00004         LOCAL d1 = aa - rr*bb
                      00005         LOCAL d2 = (rr+1)*bb - aa
                      00006 RoundResult = rr
                      00007         if d1 >= d2
                      00008 RoundResult++
                      00009         endif
                      00010         endm
                      00011 
  00000000            00012 AbsResult SET 0
                      00013 Abs             macro nr
                      00014         if nr>=0
                      00015 AbsResult = nr
                      00016         else
                      00017 AbsResult = -nr
MPASM  5.51  TINYBLD18F25J11_INT8MHZ_19200.AS   11-24-2013  0:31:07         PAGE  3


LOC  OBJECT CODE     LINE SOURCE TEXT
  VALUE

                      00018         endif
                      00019         endm
                      00020                 
                      00021         Round xtal,(16*baud)
  001A                    M         LOCAL rr = xtal/(16*baud)
  3200                    M         LOCAL d1 = xtal - rr*(16*baud)
  7E00                    M         LOCAL d2 = (rr+1)*(16*baud) - xtal
  0000001A                M RoundResult = rr
                          M         if d1 >= d2
                          M RoundResult++
                          M         endif
  00000019            00022 spbrg_value EQU RoundResult-1
                      00023 
                      00024         Round xtal,(16*(spbrg_value+1))
  4B1E                    M         LOCAL rr = xtal/(16*(spbrg_value+1))
  0140                    M         LOCAL d1 = xtal - rr*(16*(spbrg_value+1))
  0060                    M         LOCAL d2 = (rr+1)*(16*(spbrg_value+1)) - xtal
  00004B1E                M RoundResult = rr
                          M         if d1 >= d2
  00004B1F                M RoundResult++
                          M         endif
  00004B1F            00025 baud_real EQU RoundResult
                      00026         Abs(baud_real-baud)
                          M         if (baud_real-baud)>=0
  0000001F                M AbsResult = (baud_real-baud)
                          M         else
                          M AbsResult = -(baud_real-baud)
                          M         endif
  00000000            00027 errpercent EQU AbsResult*100/baud
                      00028         if errpercent > 4
                      00029                 ERROR big error in baudrate: 0%
                      00030         endif
                      00031         if errpercent >= 2
                      00032                 messg baudrate not exact: 0%
                      00033         endif
                      00062 
                      00063                 #define first_address max_flash-264             ;132 words
                      00064 
80 F4 10 F0 03 F8 80 F00065                         config WDTEN = OFF              ;WDT is controlled by SWDTEN bit of the WDTCON r
                            egister
       1 
                      00066                         config STVREN = OFF             ;Stack full/underflow will not cause Reset
                      00067                         config XINST = OFF              ;Instruction set extension and Indexed Addressin
                            g mode disabled (Legacy mode)
                      00068                         config DEBUG = OFF              ;Background debugger disabled; RB6 and RB7 confi
                            gured as general purpose I/O pins
                      00069                         config CP0 = OFF                ;Program memory is not code-protected
                      00070                         config OSC = INTOSC             ;INTOSC
                      00071                         config T1DIG = OFF              ;T1OSCEN Enforcement:Secondary Oscillator clock 
                            source may not be selected
                      00072                         config LPT1OSC = OFF            ;Low-Power Timer1 Oscillator:High-power operatio
                            n
                      00073                         config FCMEN = OFF              ;Fail-Safe Clock Monitor disabled
MPASM  5.51  TINYBLD18F25J11_INT8MHZ_19200.AS   11-24-2013  0:31:07         PAGE  4


LOC  OBJECT CODE     LINE SOURCE TEXT
  VALUE

                      00074                         config IESO = OFF               ;Oscillator Switchover mode disabled
                      00075                         config WDTPS = 1                ;Watchdog Timer Postscale Select bits 1:1
                      00076                         config DSWDTOSC = INTOSCREF     ;DSWDT Clock Select:DSWDT uses INTRC
                      00077                         config RTCOSC = T1OSCREF        ;RTCC Clock Select:RTCC uses T1OSC/T1CKI
                      00078                         config DSBOREN = OFF            ;Deep Sleep BOR:Disabled
                      00079                         config DSWDTEN = OFF            ;Deep Sleep Watchdog Timer:Disabled
                      00080                         config DSWDTPS = 2              ;Deep Sleep Watchdog Postscaler:1:2 (2.1 ms)
                      00081                         config IOL1WAY = OFF            ;IOLOCK bit (PPSCON<0>) can be set and cleared a
                            s needed, provided the unlock sequence has been completed
                      00082                         config MSSP7B_EN = MSK7         ;MSSP address masking:7 Bit address masking mode
                      00083                         config WPFP = PAGE_0            ;Write Protect Program Flash Page 0
                      00084                         config WPEND = PAGE_0           ;Page 0 through WPFP<5:0> erase/write protected
                      00085                         config WPCFG = OFF              ;Write/Erase Protect Configuration Region:Config
                            uration Words page not erase/write-protected
                      00086                         config WPDIS = OFF              ;Write Protect Disable bit:WPFP<5:0>/WPEND regio
                            n ignored
                      00087 
                      00088 ;----------------------------- PROGRAM ---------------------------------
                      00089         cblock 0
  00000000            00090         crc
  00000001            00091         cnt1
  00000002            00092         cnt2
  00000003            00093         cnt3
                      00094 ;;      flagU
  00000004            00095         flagH
  00000005            00096         flagL
                      00097         endc
                      00098         
                      00099         cblock 0x0100
  00000100            00100         buffer:256
                      00101         endc
                      00102 
  00000000            00103 count   equ     crc
                      00104 
                      00105 ;0000000000000000000000000 RESET 00000000000000000000000000
                      00106 
000000                00107                 ORG     0x0000
000000 EF80 F03F      00108                 GOTO    IntrareBootloader
                      00109 
                      00110 ;view with TabSize=4
                      00111 ;&&&&&&&&&&&&&&&&&&&&&&&   START     &&&&&&&&&&&&&&&&&&&&&&
                      00112 ;----------------------  Bootloader  ----------------------
                      00113 ;PC_flash:              C1h             U               H               L               64  ...  <64 byt
                            es>   ...  crc
                      00114 ;PC_cfg:                C1h             U OR 80h        H               L                8  ...  < 8 byt
                            es>   ...  crc
                      00115 ;PC_cfg_unnecessary:    C1h             0               crc
                      00116 ;PIC_response:     type `J`
                      00117 
007EF8                00118         ORG first_address                       ;space to deposit first 4 instr. of user prog.
007EF8 0000           00119         nop
007EFA 0000           00120         nop
007EFC 0000           00121         nop
MPASM  5.51  TINYBLD18F25J11_INT8MHZ_19200.AS   11-24-2013  0:31:07         PAGE  5


LOC  OBJECT CODE     LINE SOURCE TEXT
  VALUE

007EFE 0000           00122         nop
                      00123 
007F00                00124         org first_address+8
007F00                00125 IntrareBootloader:
                      00126                                                 ;skip TRIS to 0 C6
007F00 88D3           00127         bsf     OSCCON,IRCF0                    ;int clock 8MHz
007F02 0E24           00128         movlw   ((1<<TXEN) | (1<<BRGH))         ;init serial port
007F04 6EAD           00129         movwf   TXSTA
                      00130         ;use only SPBRG (8 bit mode default) not using BAUDCON
007F06 0E19           00131         movlw   spbrg_value
007F08 6EB0           00132         movwf   SPBRG
007F0A 0E90           00133         movlw   ((1<<SPEN) | (1<<CREN))
007F0C 6EAC           00134         movwf   RCSTA
                      00135                                                 ;wait for computer
007F0E D85E           00136         rcall   Receive
007F10 08C1           00137         sublw   0xC1                            ;Expect C1h
007F12 E16B           00138         bnz     way_to_exit
                      00139 
007F14 0E31           00140         movlw   IdTypePIC                       ;send PIC type
007F16 6EAE           00141         movwf   TXREG
007F18 0E4A           00142         movlw   'J'                             ; "-Everything OK, ready and waiting."
007F1A 6EAE           00143         movwf   TXREG
                      00144 
                      00145 ;;      movlw   ((IntrareBootloader>>16)&0xFF)  ;TBLPTR = IntrareBootloader
                      00146 ;;      movwf   TBLPTRU
007F1C 0E7F           00147         movlw   ((IntrareBootloader>>8)&0xFF)
007F1E 6EF7           00148         movwf   TBLPTRH
                      00149 ;;      movlw   (IntrareBootloader&0xFF)
                      00150 ;;      movwf   TBLPTRL
007F20 6A00           00151         clrf    crc                             ;crc = 0
007F22 2AEA           00152         incf    FSR0H                           ;FSR0 = buffer TOP (0x0100)
007F24 000A           00153         TBLRD*-
007F26                00154 cp_bl:                                          ;copy Bootloader and Config to RAM
007F26 000B           00155         TBLRD+*
007F28 CFF5 FFEE      00156         movff   TABLAT,POSTINC0
007F2C 66E9           00157         tstfsz  FSR0L                           ;FSR0 = 0x0200? (copy 256 bytes?)
007F2E D7FB           00158         bra     cp_bl                           ;
                      00159 
007F30 D84D           00160         rcall   Receive                         ;Config Upper
007F32 AEE8           00161         btfss   WREG,7                          ;is Config?
007F34 D009           00162         bra     chk_crc
007F36 D84A           00163         rcall   Receive                         ;Config Hi (Recive only)
007F38 D849           00164         rcall   Receive                         ;Config Lo
007F3A 06EA           00165         decf    FSR0H                           ;FSR0 = 0x0100
007F3C 6EE9           00166         movwf   FSR0L                           ;FSR0 = 0x01F8
007F3E D846           00167         rcall   Receive                         ;count (Recive only)
                      00168 
007F40                00169 rcv_cfg:                                        ;recive Config data
007F40 D845           00170         rcall   Receive
007F42 6EEE           00171         movwf   POSTINC0
007F44 66E9           00172         tstfsz  FSR0L                           ;FSR0 = 0x0200? (recive 8 bytes?)
007F46 D7FC           00173         bra     rcv_cfg
                      00174 
MPASM  5.51  TINYBLD18F25J11_INT8MHZ_19200.AS   11-24-2013  0:31:07         PAGE  6


LOC  OBJECT CODE     LINE SOURCE TEXT
  VALUE

007F48                00175 chk_crc:
007F48 D841           00176         rcall   Receive                         ;get crc
007F4A E14F           00177         bnz     way_to_exit                     ;crc error
                      00178 
007F4C                00179 wr_bl1:                                         ;TBLPTR = 0x003B00-1(18F24/44J11)
007F4C D826           00180         rcall   wr_bld                          ;TBLPTR = 0x007B00-1(18F25/45J11)
007F4E D600           00181         bra     (wr_bl2 - 1024)                 ;TBLPTR = 0x00FB00-1(18F26/46J11)
007F50                00182 wr_bl2:                                         ;TBLPTR = 0x003F00-1(18F24/44J11)
007F50 D824           00183         rcall   wr_bld                          ;TBLPTR = 0x007F00-1(18F25/45J11)
007F52 D200           00184         bra     (set_FSR + 1024)                ;TBLPTR = 0x00FF00-1(18F26/46J11)
007F54                00185 set_FSR:
007F54 06EA           00186         decf    FSR0H                           ;FSR0 = 0x0100
                      00187 
007F56                00188 MainLoop:
007F56 0E4A           00189         movlw   'J'                             ; "-Everything OK, ready and waiting."
007F58                00190 mainl:
007F58 6EAE           00191         movwf   TXREG
007F5A 6A00           00192         clrf    crc                             ;crc = 0
007F5C D837           00193         rcall   Receive                         ;Upper
007F5E 6EF8           00194         movwf   TBLPTRU
                      00195 ;;      movwf   flagU                           ;(for ERASE)
007F60 D835           00196         rcall   Receive                         ;Hi
007F62 6EF7           00197         movwf   TBLPTRH
007F64 6E04           00198         movwf   flagH                           ;(for ERASE)
007F66 D832           00199         rcall   Receive                         ;Lo
007F68 6EF6           00200         movwf   TBLPTRL
007F6A 6E05           00201         movwf   flagL                           ;(for ERASE)
007F6C D82F           00202         rcall   Receive                         ;count (Recive only)
007F6E 6AE9           00203         clrf    FSR0L                           ;FSR0 = 0x0100
007F70                00204 rcvoct:                                         ;read 64 bytes
007F70 D82D           00205         rcall   Receive
007F72 6EEE           00206         movwf   POSTINC0
007F74 ACE9           00207         btfss   FSR0L,6                         ;FSR0 = 0x0140?
007F76 D7FC           00208         bra     rcvoct
                      00209 
007F78 6AE9           00210         clrf    FSR0L                           ;FSR0 = 0x0100
007F7A D828           00211         rcall   Receive                         ;get crc
007F7C                00212 ziieroare:                                      ;CRC failed
007F7C 0E4E           00213         movlw   'N'
007F7E E1EC           00214         bnz     mainl
                      00215                                                 ;write
007F80                00216 eraseloop:
                      00217 ;       bcf     STATUS,C                        ;Carry=0
                      00218 ;;      rrcf    flagU                           ;flagU:flagH:flagL=(flagU:flagH:flagL>>2)
007F80 3204           00219         rrcf    flagH
007F82 3205           00220         rrcf    flagL
                      00221 ;       bcf     STATUS,C                        ;Carry=0
                      00222 ;;      rrcf    flagU
007F84 3204           00223         rrcf    flagH
007F86 3205           00224         rrcf    flagL
007F88 E105           00225         bnz     noerase                         ;Each 1024bytes?
007F8A 0E1F           00226         movlw   ((IntrareBootloader>>10)&0xFF)  ;0x0F=0x3C00>>10,0x1F=0x7C00>>10,0x3F=0xFC00>>10
007F8C 5C04           00227         subwf   flagH,w
MPASM  5.51  TINYBLD18F25J11_INT8MHZ_19200.AS   11-24-2013  0:31:07         PAGE  7


LOC  OBJECT CODE     LINE SOURCE TEXT
  VALUE

007F8E E002           00228         bz      noerase                         ;Last Erase Page?
007F90 88A6           00229         bsf     EECON1,FREE                     ;Erase
007F92 D813           00230         rcall   Write
                      00231 
007F94                00232 noerase:
007F94 000A           00233         TBLRD*-                                 ;point to adr-1
007F96 D80B           00234         rcall   write64bytes
                      00235 
007F98                00236 waitwre:
                      00237         ;btfsc  EECON1,WR                       ;for eeprom writes (wait to finish write)
                      00238         ;bra    waitwre                         ;no need: round trip time with PC bigger than 4ms
                      00239         
007F98 D7DE           00240         bra     MainLoop
                      00241 
                      00242 ;******** procedures ******************
                      00243 
007F9A                00244 wr_bld:
007F9A 74F7           00245         btg     TBLPTRH,2                       ;TBLPTR-1024.orTBLPTR+1024
007F9C 88A6           00246         bsf     EECON1,FREE                     ;Erase
007F9E D80D           00247         rcall   Write
007FA0 6AF6           00248         clrf    TBLPTRL
007FA2 000A           00249         TBLRD*-                                 ;point to adr-1
007FA4 06EA           00250         decf    FSR0H                           ;FSR0 = 0x0100
007FA6                00251 wr_bld_lp:
007FA6 D803           00252         rcall   write64bytes
007FA8 66E9           00253         tstfsz  FSR0L                           ;FSR0 = 0x0200? (write 256 bytes?)
007FAA D7FD           00254         bra     wr_bld_lp
007FAC 0012           00255         return
                      00256 
                      00257 
007FAE                00258 write64bytes:
007FAE 8C00           00259         bsf     count,6                         ;count = 64
007FB0                00260 write64_lp:
007FB0 CFEE FFF5      00261         movff   POSTINC0,TABLAT                 ;put 1 byte
007FB4 000F           00262         tblwt+*
007FB6 2E00           00263         decfsz  count                           ;count = 0?
007FB8 D7FB           00264         bra     write64_lp
007FBA                00265 Write:
007FBA 84A6           00266         bsf     EECON1,WREN
007FBC 0E55           00267         movlw   0x55
007FBE 6EA7           00268         movwf   EECON2
007FC0 0EAA           00269         movlw   0xAA
007FC2 6EA7           00270         movwf   EECON2
007FC4 82A6           00271         bsf     EECON1,WR                       ;WRITE
007FC6 0000           00272         nop
007FC8 6AA6           00273         clrf    EECON1
007FCA 0012           00274         return
                      00275 
                      00276 
007FCC                00277 Receive:
007FCC 0E05           00278         movlw   (xtal/2000000+1)                ; for 20MHz => 11 => 1second delay
007FCE 6E01           00279         movwf   cnt1
007FD0                00280 rpt2:
MPASM  5.51  TINYBLD18F25J11_INT8MHZ_19200.AS   11-24-2013  0:31:07         PAGE  8


LOC  OBJECT CODE     LINE SOURCE TEXT
  VALUE

007FD0 6A02           00281         clrf    cnt2
007FD2                00282 rpt3:
007FD2 6A03           00283         clrf    cnt3
007FD4                00284 rptc:
007FD4 AA9E           00285         btfss   PIR1,RCIF                       ;test RX
007FD6 D003           00286         bra     notrcv
007FD8 50AF           00287         movf    RCREG,w                         ;return read data in W
007FDA 2600           00288         addwf   crc                             ;compute crc
007FDC 0012           00289         return
007FDE                00290 notrcv:
007FDE 2E03           00291         decfsz  cnt3
007FE0 D7F9           00292         bra     rptc
007FE2 2E02           00293         decfsz  cnt2
007FE4 D7F6           00294         bra     rpt3
007FE6 2E01           00295         decfsz  cnt1
007FE8 D7F3           00296         bra     rpt2
                      00297         ;timeout:
007FEA                00298 way_to_exit:
007FEA 9EAC           00299         bcf     RCSTA,SPEN                      ; deactivate UART
007FEC D785           00300         bra     first_address
                      00301 
                      00302 ;*************************************************************
                      00303 ; After reset
                      00304 ; Do not expect the memory to be zero,
                      00305 ; Do not expect registers to be initialised like in catalog.
                      00306 
                      00307             END
MPASM  5.51  TINYBLD18F25J11_INT8MHZ_19200.AS   11-24-2013  0:31:07         PAGE  9


SYMBOL TABLE
  LABEL                             VALUE 

A                                 00000000
ABDEN                             00000000
ABDOVF                            00000007
ACCESS                            00000000
ACKDT                             00000005
ACKEN                             00000004
ACKSTAT                           00000006
ACQT0                             00000003
ACQT1                             00000004
ACQT2                             00000005
ADCAL                             00000006
ADCON0                            00000FC2
ADCON1                            00000FC1
ADCS0                             00000000
ADCS1                             00000001
ADCS2                             00000002
ADDEN                             00000003
ADDEN1                            00000003
ADDEN2                            00000003
ADEN                              00000003
ADFM                              00000007
ADIE                              00000006
ADIF                              00000006
ADIP                              00000006
ADMSK1                            00000001
ADMSK2                            00000002
ADMSK3                            00000003
ADMSK4                            00000004
ADMSK5                            00000005
ADON                              00000000
ADRES                             00000FC3
ADRESH                            00000FC4
ADRESL                            00000FC3
ALRMCFG                           00000F91
ALRMEN                            00000007
ALRMPTR0                          00000000
ALRMPTR1                          00000001
ALRMRPT                           00000F90
ALRMVALH                          00000F8F
ALRMVALL                          00000F8E
AMASK0                            00000002
AMASK1                            00000003
AMASK2                            00000004
AMASK3                            00000005
AN0                               00000000
AN1                               00000001
AN10                              00000001
AN11                              00000002
AN12                              00000000
AN2                               00000002
AN3                               00000003
AN4                               00000005
AN8                               00000002
MPASM  5.51  TINYBLD18F25J11_INT8MHZ_19200.AS   11-24-2013  0:31:07         PAGE 10


SYMBOL TABLE
  LABEL                             VALUE 

AN9                               00000003
ANCON0                            00000F48
ANCON1                            00000F49
ARPT0                             00000000
ARPT1                             00000001
ARPT2                             00000002
ARPT3                             00000003
ARPT4                             00000004
ARPT5                             00000005
ARPT6                             00000006
ARPT7                             00000007
Abs                               
AbsResult                         0000001F
BANKED                            00000001
BAUDCON                           00000F7E
BAUDCON1                          00000F7E
BAUDCON2                          00000F7C
BAUDCTL                           00000F7E
BCL1IE                            00000003
BCL1IF                            00000003
BCL1IP                            00000003
BCL2IE                            00000006
BCL2IF                            00000006
BCL2IP                            00000006
BCLIE                             00000003
BCLIF                             00000003
BCLIP                             00000003
BF                                00000000
BGVST                             00000006
BOR                               00000000
BRG16                             00000003
BRGH                              00000002
BRGH1                             00000002
BRGH2                             00000002
BSR                               00000FE0
C                                 00000000
C1INA                             00000000
C1INB                             00000003
C2INA                             00000001
C2INB                             00000002
CAL0                              00000000
CAL1                              00000001
CAL2                              00000002
CAL3                              00000003
CAL4                              00000004
CAL5                              00000005
CAL6                              00000006
CAL7                              00000007
CCH0                              00000000
CCH1                              00000001
CCP1CON                           00000FBA
CCP1IE                            00000002
CCP1IF                            00000002
MPASM  5.51  TINYBLD18F25J11_INT8MHZ_19200.AS   11-24-2013  0:31:07         PAGE 11


SYMBOL TABLE
  LABEL                             VALUE 

CCP1IP                            00000002
CCP1M0                            00000000
CCP1M1                            00000001
CCP1M2                            00000002
CCP1M3                            00000003
CCP1X                             00000005
CCP1Y                             00000004
CCP2CON                           00000FB4
CCP2IE                            00000000
CCP2IF                            00000000
CCP2IP                            00000000
CCP2M0                            00000000
CCP2M1                            00000001
CCP2M2                            00000002
CCP2M3                            00000003
CCP2X                             00000005
CCP2Y                             00000004
CCPR1                             00000FBB
CCPR1H                            00000FBC
CCPR1L                            00000FBB
CCPR2                             00000FB5
CCPR2H                            00000FB6
CCPR2L                            00000FB5
CHIME                             00000006
CHS0                              00000002
CHS1                              00000003
CHS2                              00000004
CHS3                              00000005
CK1                               00000006
CKE                               00000006
CKP                               00000004
CLKI                              00000007
CLKO                              00000006
CM                                00000005
CM1CON                            00000FD2
CM1CON1                           00000FD2
CM1IE                             00000005
CM1IF                             00000005
CM1IP                             00000005
CM2CON                            00000FD1
CM2CON1                           00000FD1
CM2IE                             00000006
CM2IF                             00000006
CM2IP                             00000006
CMPL0                             00000006
CMPL1                             00000007
CMSTAT                            00000F70
CMSTATUS                          00000F70
COE                               00000006
CON                               00000007
COUT1                             00000000
COUT2                             00000001
CPOL                              00000005
MPASM  5.51  TINYBLD18F25J11_INT8MHZ_19200.AS   11-24-2013  0:31:07         PAGE 12


SYMBOL TABLE
  LABEL                             VALUE 

CREF                              00000002
CREN                              00000004
CREN1                             00000004
CREN2                             00000004
CSRC                              00000007
CSRC1                             00000007
CSRC2                             00000007
CTEDG1                            00000002
CTEDG2                            00000003
CTMUCONH                          00000FB3
CTMUCONL                          00000FB2
CTMUEN                            00000007
CTMUICON                          00000FB1
CTMUIE                            00000002
CTMUIF                            00000002
CTMUIP                            00000002
CTMUSIDL                          00000005
CTPLS                             00000002
CTTRIG                            00000000
CVR0                              00000000
CVR1                              00000001
CVR2                              00000002
CVR3                              00000003
CVRCON                            00000F53
CVREF_MINUS                       00000002
CVREN                             00000007
CVROE                             00000006
CVRR                              00000005
CVRSS                             00000004
D                                 00000005
DATA_ADDRESS                      00000005
DC                                00000001
DC1B0                             00000004
DC1B1                             00000005
DC2B0                             00000004
DC2B1                             00000005
DDRA                              TRISA
DDRB                              TRISB
DDRC                              TRISC
DDRD                              TRISD
DDRE                              TRISE
DLYCYC0                           00000004
DLYCYC1                           00000005
DLYCYC2                           00000006
DLYCYC3                           00000007
DLYINTEN                          00000001
DMABCH                            00000F66
DMABCL                            00000F67
DMACON1                           00000F88
DMACON2                           00000F86
DMAEN                             00000000
DONE                              00000001
DS                                00000003
MPASM  5.51  TINYBLD18F25J11_INT8MHZ_19200.AS   11-24-2013  0:31:07         PAGE 13


SYMBOL TABLE
  LABEL                             VALUE 

DSBOR                             00000001
DSCONH                            00000F4D
DSCONL                            00000F4C
DSEN                              00000007
DSFLT                             00000007
DSGPR0                            00000F4E
DSGPR1                            00000F4F
DSINT0                            00000000
DSMCLR                            00000002
DSPOR                             00000000
DSRTC                             00000003
DSULP                             00000005
DSULPEN                           00000001
DSWAKEH                           00000F4B
DSWAKEL                           00000F4A
DSWDT                             00000004
DT1                               00000007
DUPLEX0                           00000002
DUPLEX1                           00000003
D_A                               00000005
D_NOT_A                           00000005
ECCP1AS                           00000FBE
ECCP1AS0                          00000004
ECCP1AS1                          00000005
ECCP1AS2                          00000006
ECCP1ASE                          00000007
ECCP1CON                          00000FBA
ECCP1DEL                          00000FBD
ECCP1OD                           00000000
ECCP2AS                           00000FB8
ECCP2AS0                          00000004
ECCP2AS1                          00000005
ECCP2AS2                          00000006
ECCP2ASE                          00000007
ECCP2CON                          00000FB4
ECCP2DEL                          00000FB7
ECCP2OD                           00000001
EDG1POL                           00000004
EDG1SEL0                          00000002
EDG1SEL1                          00000003
EDG1STAT                          00000000
EDG2POL                           00000007
EDG2SEL0                          00000005
EDG2SEL1                          00000006
EDG2STAT                          00000001
EDGEN                             00000003
EDGSEQEN                          00000002
EECON1                            00000FA6
EECON2                            00000FA7
EVPOL0                            00000003
EVPOL1                            00000004
FAST                              00000001
FERR                              00000002
MPASM  5.51  TINYBLD18F25J11_INT8MHZ_19200.AS   11-24-2013  0:31:07         PAGE 14


SYMBOL TABLE
  LABEL                             VALUE 

FERR1                             00000002
FERR2                             00000002
FREE                              00000004
FSR0                              00000000
FSR0H                             00000FEA
FSR0L                             00000FE9
FSR1                              00000001
FSR1H                             00000FE2
FSR1L                             00000FE1
FSR2                              00000002
FSR2H                             00000FDA
FSR2L                             00000FD9
GCEN                              00000007
GIE                               00000007
GIEH                              00000007
GIEL                              00000006
GIE_GIEH                          00000007
GO                                00000001
GO_DONE                           00000001
GO_NOT_DONE                       00000001
HALFSEC                           00000003
HLVDCON                           00000F85
HLVDEN                            00000004
HLVDIN                            00000005
HLVDL0                            00000000
HLVDL1                            00000001
HLVDL2                            00000002
HLVDL3                            00000003
I2C_DAT                           00000005
I2C_READ                          00000002
I2C_START                         00000003
I2C_STOP                          00000004
IDISSEN                           00000001
IDLEN                             00000007
INDF0                             00000FEF
INDF1                             00000FE7
INDF2                             00000FDF
INT0                              00000000
INT0E                             00000004
INT0F                             00000001
INT0IE                            00000004
INT0IF                            00000001
INT1E                             00000003
INT1F                             00000000
INT1IE                            00000003
INT1IF                            00000000
INT1IP                            00000006
INT1P                             00000006
INT2E                             00000004
INT2F                             00000001
INT2IE                            00000004
INT2IF                            00000001
INT2IP                            00000007
MPASM  5.51  TINYBLD18F25J11_INT8MHZ_19200.AS   11-24-2013  0:31:07         PAGE 15


SYMBOL TABLE
  LABEL                             VALUE 

INT2P                             00000007
INT3E                             00000005
INT3F                             00000002
INT3IE                            00000005
INT3IF                            00000002
INT3IP                            00000001
INT3P                             00000001
INTCON                            00000FF2
INTCON2                           00000FF1
INTCON3                           00000FF0
INTEDG0                           00000006
INTEDG1                           00000005
INTEDG2                           00000004
INTEDG3                           00000003
INTLVL0                           00000000
INTLVL1                           00000001
INTLVL2                           00000002
INTLVL3                           00000003
INTSRC                            00000007
IOLOCK                            00000000
IPEN                              00000007
IPR1                              00000F9F
IPR2                              00000FA2
IPR3                              00000FA5
IRCF0                             00000004
IRCF1                             00000005
IRCF2                             00000006
IRNG0                             00000000
IRNG1                             00000001
IRVST                             00000005
ITRIM0                            00000002
ITRIM1                            00000003
ITRIM2                            00000004
ITRIM3                            00000005
ITRIM4                            00000006
ITRIM5                            00000007
IdTypePIC                         00000031
IntrareBootloader                 00007F00
KBI0                              00000004
KBI1                              00000005
KBI2                              00000006
KBI3                              00000007
LATA                              00000F89
LATA0                             00000000
LATA1                             00000001
LATA2                             00000002
LATA3                             00000003
LATA5                             00000005
LATA6                             00000006
LATA7                             00000007
LATB                              00000F8A
LATB0                             00000000
LATB1                             00000001
MPASM  5.51  TINYBLD18F25J11_INT8MHZ_19200.AS   11-24-2013  0:31:07         PAGE 16


SYMBOL TABLE
  LABEL                             VALUE 

LATB2                             00000002
LATB3                             00000003
LATB4                             00000004
LATB5                             00000005
LATB6                             00000006
LATB7                             00000007
LATC                              00000F8B
LATC0                             00000000
LATC1                             00000001
LATC2                             00000002
LATC3                             00000003
LATC4                             00000004
LATC5                             00000005
LATC6                             00000006
LATC7                             00000007
LVDIE                             00000002
LVDIF                             00000002
LVDIP                             00000002
LVDSTAT                           00000006
MSK0                              00000000
MSK1                              00000001
MSK2                              00000002
MSK3                              00000003
MSK4                              00000004
MSK5                              00000005
MSK6                              00000006
MSK7                              00000007
MainLoop                          00007F56
N                                 00000004
NOT_A                             00000005
NOT_ADDRESS                       00000005
NOT_BOR                           00000000
NOT_CM                            00000005
NOT_DONE                          00000001
NOT_PD                            00000002
NOT_POR                           00000001
NOT_RBPU                          00000007
NOT_RC8                           00000006
NOT_RI                            00000004
NOT_SS1                           00000005
NOT_TO                            00000003
NOT_TX8                           00000006
NOT_W                             00000002
NOT_WRITE                         00000002
ODCON1                            00000F42
ODCON2                            00000F41
ODCON3                            00000F40
OERR                              00000001
OERR1                             00000001
OERR2                             00000001
OSC1                              00000007
OSC2                              00000006
OSCCON                            00000FD3
MPASM  5.51  TINYBLD18F25J11_INT8MHZ_19200.AS   11-24-2013  0:31:07         PAGE 17


SYMBOL TABLE
  LABEL                             VALUE 

OSCFIE                            00000007
OSCFIF                            00000007
OSCFIP                            00000007
OSCTUNE                           00000F9B
OSTS                              00000003
OV                                00000003
P                                 00000004
P1DC0                             00000000
P1DC1                             00000001
P1DC2                             00000002
P1DC3                             00000003
P1DC4                             00000004
P1DC5                             00000005
P1DC6                             00000006
P1M0                              00000006
P1M1                              00000007
P1RSEN                            00000007
P2DC0                             00000000
P2DC1                             00000001
P2DC2                             00000002
P2DC3                             00000003
P2DC4                             00000004
P2DC5                             00000005
P2DC6                             00000006
P2M0                              00000006
P2M1                              00000007
P2RSEN                            00000007
PADCFG1                           00000F3C
PC                                00000FF9
PCFG0                             00000000
PCFG1                             00000001
PCFG10                            00000002
PCFG11                            00000003
PCFG12                            00000004
PCFG2                             00000002
PCFG3                             00000003
PCFG4                             00000004
PCFG8                             00000000
PCFG9                             00000001
PCL                               00000FF9
PCLATH                            00000FFA
PCLATU                            00000FFB
PD                                00000002
PEIE                              00000006
PEIE_GIEL                         00000006
PEN                               00000002
PGC                               00000006
PGD                               00000007
PIE1                              00000F9D
PIE2                              00000FA0
PIE3                              00000FA3
PIR1                              00000F9E
PIR2                              00000FA1
MPASM  5.51  TINYBLD18F25J11_INT8MHZ_19200.AS   11-24-2013  0:31:07         PAGE 18


SYMBOL TABLE
  LABEL                             VALUE 

PIR3                              00000FA4
PLLEN                             00000006
PLUSW0                            00000FEB
PLUSW1                            00000FE3
PLUSW2                            00000FDB
PMPTTL                            00000000
POR                               00000001
PORTA                             00000F80
PORTB                             00000F81
PORTC                             00000F82
POSTDEC0                          00000FED
POSTDEC1                          00000FE5
POSTDEC2                          00000FDD
POSTINC0                          00000FEE
POSTINC1                          00000FE6
POSTINC2                          00000FDE
PPSCON                            00000EFF
PR2                               00000FCB
PR4                               00000F77
PREINC0                           00000FEC
PREINC1                           00000FE4
PREINC2                           00000FDC
PROD                              00000FF3
PRODH                             00000FF4
PRODL                             00000FF3
PSA                               00000003
PSS1AC0                           00000002
PSS1AC1                           00000003
PSS1BD0                           00000000
PSS1BD1                           00000001
PSS2AC0                           00000002
PSS2AC1                           00000003
PSS2BD0                           00000000
PSS2BD1                           00000001
PSTR1CON                          00000FBF
PSTR2CON                          00000FB9
PWM1CON                           00000FBD
PWM2CON                           00000FB7
R                                 00000002
RA0                               00000000
RA1                               00000001
RA2                               00000002
RA3                               00000003
RA5                               00000005
RA6                               00000006
RA7                               00000007
RB0                               00000000
RB1                               00000001
RB2                               00000002
RB3                               00000003
RB4                               00000004
RB5                               00000005
RB6                               00000006
MPASM  5.51  TINYBLD18F25J11_INT8MHZ_19200.AS   11-24-2013  0:31:07         PAGE 19


SYMBOL TABLE
  LABEL                             VALUE 

RB7                               00000007
RBIE                              00000003
RBIF                              00000000
RBIP                              00000000
RBPU                              00000007
RC0                               00000000
RC1                               00000001
RC1IE                             00000005
RC1IF                             00000005
RC1IP                             00000005
RC2                               00000002
RC2IE                             00000005
RC2IF                             00000005
RC2IP                             00000005
RC3                               00000003
RC4                               00000004
RC5                               00000005
RC6                               00000006
RC7                               00000007
RC8_9                             00000006
RC9                               00000006
RCD8                              00000000
RCEN                              00000003
RCIDL                             00000006
RCIE                              00000005
RCIF                              00000005
RCIP                              00000005
RCON                              00000FD0
RCREG                             00000FAF
RCREG1                            00000FAF
RCREG2                            00000FAA
RCSTA                             00000FAC
RCSTA1                            00000FAC
RCSTA2                            00000F9C
RD16                              00000001
READ_WRITE                        00000002
REFO                              00000002
REFOCON                           00000F3D
REGSLP                            00000007
RELEASE                           00000000
RI                                00000004
RODIV0                            00000000
RODIV1                            00000001
RODIV2                            00000002
RODIV3                            00000003
ROON                              00000007
ROSEL                             00000004
ROSSLP                            00000005
RP0                               00000000
RP1                               00000001
RP10                              00000007
RP11                              00000000
RP12                              00000001
MPASM  5.51  TINYBLD18F25J11_INT8MHZ_19200.AS   11-24-2013  0:31:07         PAGE 20


SYMBOL TABLE
  LABEL                             VALUE 

RP13                              00000002
RP14                              00000003
RP15                              00000004
RP16                              00000005
RP17                              00000006
RP18                              00000007
RP2                               00000005
RP3                               00000000
RP4                               00000001
RP5                               00000002
RP6                               00000003
RP7                               00000004
RP8                               00000005
RP9                               00000006
RPINR1                            00000EE7
RPINR12                           00000EF2
RPINR13                           00000EF3
RPINR16                           00000EF6
RPINR17                           00000EF7
RPINR2                            00000EE8
RPINR21                           00000EFB
RPINR22                           00000EFC
RPINR23                           00000EFD
RPINR24                           00000EFE
RPINR3                            00000EE9
RPINR4                            00000EEA
RPINR6                            00000EEC
RPINR7                            00000EED
RPINR8                            00000EEE
RPOR0                             00000EC6
RPOR1                             00000EC7
RPOR10                            00000ED0
RPOR11                            00000ED1
RPOR12                            00000ED2
RPOR13                            00000ED3
RPOR14                            00000ED4
RPOR15                            00000ED5
RPOR16                            00000ED6
RPOR17                            00000ED7
RPOR18                            00000ED8
RPOR2                             00000EC8
RPOR3                             00000EC9
RPOR4                             00000ECA
RPOR5                             00000ECB
RPOR6                             00000ECC
RPOR7                             00000ECD
RPOR8                             00000ECE
RPOR9                             00000ECF
RSEN                              00000001
RTCC                              00000001
RTCCAL                            00000F3E
RTCCFG                            00000F3F
RTCCIE                            00000000
MPASM  5.51  TINYBLD18F25J11_INT8MHZ_19200.AS   11-24-2013  0:31:07         PAGE 21


SYMBOL TABLE
  LABEL                             VALUE 

RTCCIF                            00000000
RTCCIP                            00000000
RTCEN                             00000007
RTCOE                             00000002
RTCPTR0                           00000000
RTCPTR1                           00000001
RTCSYNC                           00000004
RTCVALH                           00000F99
RTCVALL                           00000F98
RTCWDIS                           00000000
RTCWREN                           00000005
RTSECSEL0                         00000001
RTSECSEL1                         00000002
RX1                               00000007
RX9                               00000006
RX91                              00000006
RX92                              00000006
RX9D                              00000000
RX9D1                             00000000
RX9D2                             00000000
RXADDRH                           00000F68
RXADDRL                           00000F69
RXDTP                             00000005
RXINC                             00000004
R_NOT_W                           00000002
R_W                               00000002
Receive                           00007FCC
Round                             
RoundResult                       00004B1F
S                                 00000003
SCK1                              00000003
SCL1                              00000003
SCS0                              00000000
SCS1                              00000001
SDI1                              00000004
SDO1                              00000005
SEN                               00000000
SENDB                             00000003
SENDB1                            00000003
SENDB2                            00000003
SMP                               00000007
SP0                               00000000
SP1                               00000001
SP2                               00000002
SP3                               00000003
SP4                               00000004
SPBRG                             00000FB0
SPBRG1                            00000FB0
SPBRG2                            00000FAB
SPBRGH                            00000F7F
SPBRGH1                           00000F7F
SPBRGH2                           00000F7D
SPEN                              00000007
MPASM  5.51  TINYBLD18F25J11_INT8MHZ_19200.AS   11-24-2013  0:31:07         PAGE 22


SYMBOL TABLE
  LABEL                             VALUE 

SPEN1                             00000007
SPEN2                             00000007
SPI1OD                            00000000
SPI2OD                            00000001
SREN                              00000005
SREN1                             00000005
SREN2                             00000005
SSCON0                            00000006
SSCON1                            00000007
SSP1ADD                           00000FC8
SSP1BUF                           00000FC9
SSP1CON1                          00000FC6
SSP1CON2                          00000FC5
SSP1IE                            00000003
SSP1IF                            00000003
SSP1IP                            00000003
SSP1STAT                          00000FC7
SSP2ADD                           00000F74
SSP2BUF                           00000F75
SSP2CON1                          00000F72
SSP2CON2                          00000F71
SSP2IE                            00000007
SSP2IF                            00000007
SSP2IP                            00000007
SSP2STAT                          00000F73
SSPADD                            00000FC8
SSPBUF                            00000FC9
SSPCON1                           00000FC6
SSPCON2                           00000FC5
SSPEN                             00000005
SSPIE                             00000003
SSPIF                             00000003
SSPIP                             00000003
SSPM0                             00000000
SSPM1                             00000001
SSPM2                             00000002
SSPM3                             00000003
SSPOV                             00000006
SSPSTAT                           00000FC7
STATUS                            00000FD8
STKFUL                            00000007
STKOVF                            00000007
STKPTR                            00000FFC
STKUNF                            00000006
STRA                              00000000
STRB                              00000001
STRC                              00000002
STRD                              00000003
STRSYNC                           00000004
SWDTE                             00000000
SWDTEN                            00000000
SYNC                              00000004
SYNC1                             00000004
MPASM  5.51  TINYBLD18F25J11_INT8MHZ_19200.AS   11-24-2013  0:31:07         PAGE 23


SYMBOL TABLE
  LABEL                             VALUE 

SYNC2                             00000004
T08BIT                            00000006
T0CON                             00000FD5
T0CS                              00000005
T0IE                              00000005
T0IF                              00000002
T0IP                              00000002
T0PS0                             00000000
T0PS1                             00000001
T0PS2                             00000002
T0SE                              00000004
T1CKI                             00000000
T1CKPS0                           00000004
T1CKPS1                           00000005
T1CON                             00000FCD
T1DONE                            00000003
T1GCON                            00000F9A
T1GGO                             00000003
T1GGO_T1DONE                      00000003
T1GPOL                            00000006
T1GSPM                            00000004
T1GSS0                            00000000
T1GSS1                            00000001
T1GTM                             00000005
T1GVAL                            00000002
T1OSCEN                           00000003
T1OSI                             00000001
T1OSO                             00000000
T1RUN                             00000004
T1SYNC                            00000002
T2CKPS0                           00000000
T2CKPS1                           00000001
T2CON                             00000FCA
T2OUTPS0                          00000003
T2OUTPS1                          00000004
T2OUTPS2                          00000005
T2OUTPS3                          00000006
T3CCP1                            00000000
T3CCP2                            00000001
T3CKPS0                           00000004
T3CKPS1                           00000005
T3CON                             00000F79
T3DONE                            00000003
T3GCON                            00000F97
T3GGO                             00000003
T3GGO_T3DONE                      00000003
T3GPOL                            00000006
T3GSPM                            00000004
T3GSS0                            00000000
T3GSS1                            00000001
T3GTM                             00000005
T3GVAL                            00000002
T3SYNC                            00000002
MPASM  5.51  TINYBLD18F25J11_INT8MHZ_19200.AS   11-24-2013  0:31:07         PAGE 24


SYMBOL TABLE
  LABEL                             VALUE 

T4CKPS0                           00000000
T4CKPS1                           00000001
T4CON                             00000F76
T4OUTPS0                          00000003
T4OUTPS1                          00000004
T4OUTPS2                          00000005
T4OUTPS3                          00000006
TABLAT                            00000FF5
TBLPTR                            00000FF6
TBLPTRH                           00000FF7
TBLPTRL                           00000FF6
TBLPTRU                           00000FF8
TCLKCON                           00000F52
TGEN                              00000004
TMR0                              00000FD6
TMR0H                             00000FD7
TMR0IE                            00000005
TMR0IF                            00000002
TMR0IP                            00000002
TMR0L                             00000FD6
TMR0ON                            00000007
TMR1                              00000FCE
TMR1CS0                           00000006
TMR1CS1                           00000007
TMR1GE                            00000007
TMR1H                             00000FCF
TMR1IE                            00000000
TMR1IF                            00000000
TMR1IP                            00000000
TMR1L                             00000FCE
TMR1ON                            00000000
TMR2                              00000FCC
TMR2IE                            00000001
TMR2IF                            00000001
TMR2IP                            00000001
TMR2ON                            00000002
TMR3                              00000F7A
TMR3CS0                           00000006
TMR3CS1                           00000007
TMR3GE                            00000007
TMR3GIE                           00000001
TMR3GIF                           00000001
TMR3GIP                           00000001
TMR3H                             00000F7B
TMR3IE                            00000001
TMR3IF                            00000001
TMR3IP                            00000001
TMR3L                             00000F7A
TMR3ON                            00000000
TMR4                              00000F78
TMR4IE                            00000003
TMR4IF                            00000003
TMR4IP                            00000003
MPASM  5.51  TINYBLD18F25J11_INT8MHZ_19200.AS   11-24-2013  0:31:07         PAGE 25


SYMBOL TABLE
  LABEL                             VALUE 

TMR4ON                            00000002
TO                                00000003
TOS                               00000FFD
TOSH                              00000FFE
TOSL                              00000FFD
TOSU                              00000FFF
TRISA                             00000F92
TRISA0                            00000000
TRISA1                            00000001
TRISA2                            00000002
TRISA3                            00000003
TRISA5                            00000005
TRISA6                            00000006
TRISA7                            00000007
TRISB                             00000F93
TRISB0                            00000000
TRISB1                            00000001
TRISB2                            00000002
TRISB3                            00000003
TRISB4                            00000004
TRISB5                            00000005
TRISB6                            00000006
TRISB7                            00000007
TRISC                             00000F94
TRISC0                            00000000
TRISC1                            00000001
TRISC2                            00000002
TRISC3                            00000003
TRISC4                            00000004
TRISC5                            00000005
TRISC6                            00000006
TRISC7                            00000007
TRMT                              00000001
TRMT1                             00000001
TRMT2                             00000001
TUN0                              00000000
TUN1                              00000001
TUN2                              00000002
TUN3                              00000003
TUN4                              00000004
TUN5                              00000005
TX1                               00000006
TX1IE                             00000004
TX1IF                             00000004
TX1IP                             00000004
TX2IE                             00000004
TX2IF                             00000004
TX2IP                             00000004
TX8_9                             00000006
TX9                               00000006
TX91                              00000006
TX92                              00000006
TX9D                              00000000
MPASM  5.51  TINYBLD18F25J11_INT8MHZ_19200.AS   11-24-2013  0:31:07         PAGE 26


SYMBOL TABLE
  LABEL                             VALUE 

TX9D1                             00000000
TX9D2                             00000000
TXADDRH                           00000F6A
TXADDRL                           00000F6B
TXCKP                             00000004
TXD8                              00000000
TXEN                              00000005
TXEN1                             00000005
TXEN2                             00000005
TXIE                              00000004
TXIF                              00000004
TXINC                             00000005
TXIP                              00000004
TXREG                             00000FAE
TXREG1                            00000FAE
TXREG2                            00000FA9
TXSTA                             00000FAD
TXSTA1                            00000FAD
TXSTA2                            00000FA8
U1OD                              00000000
U2OD                              00000001
UA                                00000001
ULPEN                             00000002
ULPLVL                            00000005
ULPSINK                           00000001
ULPWDIS                           00000002
ULPWU                             00000000
VBG2EN                            00000006
VBGEN                             00000007
VCFG0                             00000006
VCFG1                             00000007
VDIRMAG                           00000007
VREF_MINUS                        00000002
VREF_PLUS                         00000003
W                                 00000000
WCOL                              00000007
WDTCON                            00000FC0
WPROG                             00000005
WR                                00000001
WREG                              00000FE8
WREN                              00000002
WRERR                             00000003
WUE                               00000001
Write                             00007FBA
Z                                 00000002
_DEVID1                           003FFFFE
_DEVID2                           003FFFFF
__18F25J11                        00000001
__DEBUG                           1
baud                              00004B00
baud_real                         00004B1F
buffer                            00000100
chk_crc                           00007F48
MPASM  5.51  TINYBLD18F25J11_INT8MHZ_19200.AS   11-24-2013  0:31:07         PAGE 27


SYMBOL TABLE
  LABEL                             VALUE 

cnt1                              00000001
cnt2                              00000002
cnt3                              00000003
count                             00000000
cp_bl                             00007F26
crc                               00000000
eraseloop                         00007F80
errpercent                        00000000
first_address                     max_flash-264
flagH                             00000004
flagL                             00000005
mainl                             00007F58
max_flash                         0x8000
noerase                           00007F94
notrcv                            00007FDE
rcv_cfg                           00007F40
rcvoct                            00007F70
rpt2                              00007FD0
rpt3                              00007FD2
rptc                              00007FD4
set_FSR                           00007F54
spbrg_value                       00000019
waitwre                           00007F98
way_to_exit                       00007FEA
wr_bl1                            00007F4C
wr_bl2                            00007F50
wr_bld                            00007F9A
wr_bld_lp                         00007FA6
write64_lp                        00007FB0
write64bytes                      00007FAE
xtal                              007A1200
ziieroare                         00007F7C


MEMORY USAGE MAP ('X' = Used,  '-' = Unused)

0000 : XXXX------------ ---------------- ---------------- ----------------
7EC0 : ---------------- ---------------- ---------------- --------XXXXXXXX
7F00 : XXXXXXXXXXXXXXXX XXXXXXXXXXXXXXXX XXXXXXXXXXXXXXXX XXXXXXXXXXXXXXXX
7F40 : XXXXXXXXXXXXXXXX XXXXXXXXXXXXXXXX XXXXXXXXXXXXXXXX XXXXXXXXXXXXXXXX
7F80 : XXXXXXXXXXXXXXXX XXXXXXXXXXXXXXXX XXXXXXXXXXXXXXXX XXXXXXXXXXXXXXXX
7FC0 : XXXXXXXXXXXXXXXX XXXXXXXXXXXXXXXX XXXXXXXXXXXXXX-- --------XXXXXXXX

All other memory blocks unused.

Program Memory Bytes Used:   250
Program Memory Bytes Free: 32510


MPASM  5.51  TINYBLD18F25J11_INT8MHZ_19200.AS   11-24-2013  0:31:07         PAGE 28





Errors   :     0
Warnings :     0 reported,     0 suppressed
Messages :     0 reported,     0 suppressed

