MPASM  5.51  TINYBLD18F14K22_INT16MHZ_19200.A   9-17-2013  16:23:06         PAGE  1


LOC  OBJECT CODE     LINE SOURCE TEXT
  VALUE

                      00001         radix DEC
                      00002         
                      00003         ; change these lines accordingly to your application    
                      00004 #include "p18f14k22.inc"
                      00001         LIST
                      00002 
                      00003 ;==========================================================================
                      00004 ;  MPASM PIC18F14K22 processor include
                      00005 ; 
                      00006 ;  (c) Copyright 1999-2013 Microchip Technology, All rights reserved
                      00007 ;==========================================================================
                      00008 
                      01380         LIST
  00000062            00005 IdTypePIC = 0x62                ; Please refer to the table below, must exists in "piccodes.ini"        
                      00006 #define max_flash  0x4000       ; in WORDS, not bytes!!! (= 'max flash memory' from "piccodes.ini" divid
                            ed by 2), Please refer to the table below
                      00007 #define Write_Page 8            ; Write Page          (4/8), Please refer to the table below
                      00008         
  00F42400            00009 xtal    EQU     16000000        ; you may also want to change: _HS_OSC _XT_OSC
  00004B00            00010 baud    EQU     19200           ; standard TinyBld baud rates: 115200 or 19200
                      00011 
                      00012 ;   The above 6 lines can be changed and buid a bootloader for the desired frequency (and PIC type)
                      00013 
                      00014 ; +---------+--------+------------+------------+-------------+-------------+-----------+--------+------+
                      00015 ; |IdTypePIC| Device | Write_Page | Erase_Page |   TX bit    |   RX bit    | max_flash | EEPROM | PDIP |
                      00016 ; +---------+--------+------------+------------+-------------+-------------+-----------+--------+------+
                      00017 ; |   0x61  |18F13K22|   4 words  |  32 words  |    B7(10)   |    B5(12)   |  0x2000   |   256  |  20  |
                      00018 ; |   0x62  |18F14K22|   8 words  |  32 words  |    B7(10)   |    B5(12)   |  0x4000   |   256  |  20  |
                      00019 ; +---------+--------+------------+------------+-------------+-------------+-----------+--------+------+
                      00020 
                      00021         ;********************************************************************
                      00022         ;       Tiny Bootloader         18F13K22/18F14K22       Size=100words
                      00023         ;       claudiu.chiculita@ugal.ro
                      00024         ;       http://www.etc.ugal.ro/cchiculita/software/picbootloader.htm
                      00025         ;       (2013.08.28 Revision 1)
                      00026         ;
                      00027         ;       This program is only available in Tiny AVR/PIC Bootloader +.
                      00028         ;
                      00029         ;       Tiny AVR/PIC Bootloader +
                      00030         ;       https://sourceforge.net/projects/tinypicbootload/
                      00031         ;
                      00032         ;********************************************************************
                      00033 
                      00034         #include "../spbrgselect.inc"   ; RoundResult and baud_rate
  00000000            00001 RoundResult SET 0                               ; Rounding function.  RoundResult = Round(aa/bb)
                      00002 Round   macro aa,bb
                      00003         LOCAL rr = aa/bb
                      00004         LOCAL d1 = aa - rr*bb
                      00005         LOCAL d2 = (rr+1)*bb - aa
                      00006 RoundResult = rr
                      00007         if d1 >= d2
                      00008 RoundResult++
                      00009         endif
MPASM  5.51  TINYBLD18F14K22_INT16MHZ_19200.A   9-17-2013  16:23:06         PAGE  2


LOC  OBJECT CODE     LINE SOURCE TEXT
  VALUE

                      00010         endm
                      00011 
  00000000            00012 AbsResult SET 0
                      00013 Abs             macro nr
                      00014         if nr>=0
                      00015 AbsResult = nr
                      00016         else
                      00017 AbsResult = -nr
                      00018         endif
                      00019         endm
                      00020                 
                      00021         Round xtal,(16*baud)
  0034                    M         LOCAL rr = xtal/(16*baud)
  6400                    M         LOCAL d1 = xtal - rr*(16*baud)
  4C00                    M         LOCAL d2 = (rr+1)*(16*baud) - xtal
  00000034                M RoundResult = rr
                          M         if d1 >= d2
                          M RoundResult++
                          M         endif
  00000033            00022 spbrg_value EQU RoundResult-1
                      00023 
                      00024         Round xtal,(16*(spbrg_value+1))
  4B1E                    M         LOCAL rr = xtal/(16*(spbrg_value+1))
  0280                    M         LOCAL d1 = xtal - rr*(16*(spbrg_value+1))
  00C0                    M         LOCAL d2 = (rr+1)*(16*(spbrg_value+1)) - xtal
  00004B1E                M RoundResult = rr
                          M         if d1 >= d2
  00004B1F                M RoundResult++
                          M         endif
  00004B1F            00025 baud_real EQU RoundResult
                      00026         Abs(baud_real-baud)
                          M         if (baud_real-baud)>=0
  0000001F                M AbsResult = (baud_real-baud)
                          M         else
                          M AbsResult = -(baud_real-baud)
                          M         endif
  00000000            00027 errpercent EQU AbsResult*100/baud
                      00028         if errpercent > 4
                      00029                 ERROR big error in baudrate: 0%
                      00030         endif
                      00031         if errpercent >= 2
                      00032                 messg baudrate not exact: 0%
                      00033         endif
                      00035 
                      00036                 #define first_address max_flash-200             ;100 words
                      00037 
08 18 00 80 80 03 C0 000038                         config FOSC = IRC               ;Internal RC oscillator
       3 E0 03 40 
                      00039                         config PLLEN = OFF              ;PLL is under software control
                      00040                         config PCLKEN = OFF             ;Primary clock is under software control
                      00041                         config FCMEN = OFF              ;Fail-Safe Clock Monitor disabled
                      00042                         config IESO = OFF               ;Oscillator Switchover mode disabled
                      00043                         config PWRTEN = ON              ;PWRT enabled
MPASM  5.51  TINYBLD18F14K22_INT16MHZ_19200.A   9-17-2013  16:23:06         PAGE  3


LOC  OBJECT CODE     LINE SOURCE TEXT
  VALUE

                      00044                         config BOREN = OFF              ;Brown-out Reset disabled in hardware and softwa
                            re
                      00045                         config BORV = 19                ;VBOR set to 1.9 V nominal
                      00046                         config WDTEN = OFF              ;WDT is controlled by SWDTEN bit of the WDTCON r
                            egister
                      00047                         config WDTPS = 1                ;Watchdog Timer Postscale Select bits 1:1
                      00048                         config HFOFST = OFF             ;The system clock is held off until the HFINTOSC
                             is stable.
                      00049                         config MCLRE = ON               ;MCLR pin enabled RA3 input pin disabled
                      00050                         config STVREN = OFF             ;Stack full/underflow will not cause Reset
                      00051                         config LVP = OFF                ;Single-Supply ICSP disabled
                      00052                         config BBSIZ = OFF              ;1kW boot block size
                      00053                         config XINST = OFF              ;Instruction set extension and Indexed Addressin
                            g mode disabled (Legacy mode)
                      00054                         config DEBUG = OFF              ;Background debugger disabled, RA0 and RA1 confi
                            gured as general purpose I/O pins
                      00055                         config CP0 = OFF                ;Block 0 not code-protected
                      00056                         config CP1 = OFF                ;Block 1 not code-protected
                      00057                         config CPB = OFF                ;Boot block not code-protected
                      00058                         config CPD = OFF                ;Data EEPROM not code-protected
                      00059                         config WRT0 = OFF               ;Block 0 not write-protected
                      00060                         config WRT1 = OFF               ;Block 1 not write-protected
                      00061                         config WRTC = OFF               ;Configuration registers not write-protected
                      00062                         config WRTB = OFF               ;Boot block not write-protected
                      00063                         config WRTD = OFF               ;Data EEPROM not write-protected
                      00064                         config EBTR0 = OFF              ;Block 0 not protected from table reads executed
                             in other blocks
                      00065                         config EBTR1 = OFF              ;Block 1 not protected from table reads executed
                             in other blocks
                      00066                         config EBTRB = OFF              ;Boot block not protected from table reads execu
                            ted in other blocks
                      00067 
                      00068 ;----------------------------- PROGRAM ---------------------------------
                      00069         cblock 0
  00000000            00070         buffer:64
  00000040            00071         crc
  00000041            00072         i
  00000042            00073         cnt1
  00000043            00074         cnt2
  00000044            00075         cnt3
  00000045            00076         flag
  00000046            00077         count
                      00078         endc
                      00079         
                      00080 ;0000000000000000000000000 RESET 00000000000000000000000000
                      00081 
000000                00082                 ORG     0x0000
000000 EFA0 F01F      00083                 GOTO    IntrareBootloader
                      00084 
                      00085 ;view with TabSize=4
                      00086 ;&&&&&&&&&&&&&&&&&&&&&&&   START     &&&&&&&&&&&&&&&&&&&&&&
                      00087 ;----------------------  Bootloader  ----------------------
                      00088 ;PC_flash:              C1h             U               H               L               64  ...  <64 byt
MPASM  5.51  TINYBLD18F14K22_INT16MHZ_19200.A   9-17-2013  16:23:06         PAGE  4


LOC  OBJECT CODE     LINE SOURCE TEXT
  VALUE

                            es>   ...  crc
                      00089 ;PC_eeprom:             C1h             40h             EEADRH          EEADR           1       EEDATA  
                                    crc
                      00090 ;PC_cfg                 C1h             U OR 80h        H               L               14  ... <14 byte
                            s>   ...  crc
                      00091 ;PIC_response:     type `K`
                      00092         
003F38                00093         ORG first_address                       ;space to deposit first 4 instr. of user prog.
003F38 0000           00094         nop
003F3A 0000           00095         nop
003F3C 0000           00096         nop
003F3E 0000           00097         nop
                      00098 
003F40                00099         org first_address+8
003F40                00100 IntrareBootloader:
                      00101                                                 ;skip TRIS to 0 C6
003F40 8CD3           00102         bsf     OSCCON,IRCF2                    ;int clock 16MHz
003F42 6A7E           00103         clrf    ANSEL                           ; setup digital I/O
                      00104 
003F44 0E24           00105         movlw   ((1<<TXEN) | (1<<BRGH))         ;init serial port
003F46 6EAC           00106         movwf   TXSTA
                      00107         ;use only SPBRG (8 bit mode default) not using BAUDCON
003F48 0E33           00108         movlw   spbrg_value
003F4A 6EAF           00109         movwf   SPBRG
003F4C 0E90           00110         movlw   ((1<<SPEN) | (1<<CREN))
003F4E 6EAB           00111         movwf   RCSTA
003F50 0E07           00112         movlw 0x07 ;clear Analog port 11 bit, rest (8,9,10) as after hard reset
003F52 6E7F           00113         movwf ANSELH ; configure as expected.
                      00114                                                 ;wait for computer
003F54 D843           00115         rcall   Receive
003F56 08C1           00116         sublw   0xC1                            ;Expect C1h
003F58 E150           00117         bnz     way_to_exit
003F5A 0E62           00118         movlw   IdTypePIC                       ;send PIC type
003F5C 6EAD           00119         movwf   TXREG
                      00120 
003F5E                00121 MainLoop:
003F5E 0E43           00122         movlw   'C'                             ; "-Everything OK, ready and waiting."
003F60                00123 mainl:
003F60 6EAD           00124         movwf   TXREG
003F62 6A40           00125         clrf    crc
003F64 D83B           00126         rcall   Receive                         ;Upper
003F66 6EF8           00127         movwf   TBLPTRU
003F68 6E45           00128         movwf   flag                            ;(for EEPROM and CFG cases)
003F6A D838           00129         rcall   Receive                         ;Hi
003F6C 6EF7           00130         movwf   TBLPTRH
                      00131 ;;      movwf   EEADRH                          ;(for EEPROM case)
003F6E D836           00132         rcall   Receive                         ;Lo
003F70 6EF6           00133         movwf   TBLPTRL
003F72 6EA9           00134         movwf   EEADR                           ;(for EEPROM case)
                      00135 
003F74 D833           00136         rcall   Receive                         ;count
003F76 6E41           00137         movwf   i
003F78 6E46           00138         movwf   count
MPASM  5.51  TINYBLD18F14K22_INT16MHZ_19200.A   9-17-2013  16:23:06         PAGE  5


LOC  OBJECT CODE     LINE SOURCE TEXT
  VALUE

003F7A 6AE9           00139         clrf    FSR0L                           ;FSR0=buffer TOP
003F7C                00140 rcvoct:                                         ;read 64 bytes
003F7C D82F           00141         rcall   Receive
003F7E 6EEE           00142         movwf   POSTINC0
003F80 6EF5           00143         movwf   TABLAT                          ;prepare for cfg; => store byte before crc
003F82 6EA8           00144         movwf   EEDATA                          ;(for EEPROM case)
003F84 2E41           00145         decfsz  i
003F86 D7FA           00146         bra     rcvoct
                      00147         
003F88 D829           00148         rcall   Receive                         ;get crc
003F8A                00149 ziieroare:                                      ;CRC failed
003F8A 0E4E           00150         movlw   'N'
003F8C E1E9           00151         bnz     mainl
                      00152 
003F8E AC45           00153         btfss   flag,6                          ;is EEPROM data?
003F90 D003           00154         bra     noeeprom
003F92 0E04           00155         movlw   (1<<WREN)                       ;Setup eeprom
003F94 D81B           00156         rcall   Write
003F96 D014           00157         bra     waitwre
                      00158 
003F98                00159 noeeprom:
003F98 6AE9           00160         clrf    FSR0L                           ;FSR0=buffer TOP
003F9A AE45           00161         btfss   flag,7                          ;is CFG data?
003F9C D006           00162         bra     noconfig
003F9E 000A           00163         TBLRD*-                                 ; point to adr-1
003FA0                00164 lp_noeeprom:
003FA0 D811           00165         rcall   put1byte
003FA2 D814           00166         rcall   Write
003FA4 2E46           00167         decfsz  count,f
003FA6 D7FC           00168         bra     lp_noeeprom
003FA8 D00B           00169         bra     waitwre
                      00170 
003FAA                00171 noconfig:
                      00172                                                 ;write
003FAA                00173 eraseloop:
003FAA 0E94           00174         movlw   ((1<<EEPGD) | (1<<FREE) | (1<<WREN))    ; Setup erase
003FAC D80F           00175         rcall   Write
003FAE 000A           00176         TBLRD*-                                 ; point to adr-1
                      00177         
003FB0                00178 writebigloop:
                      00179 
003FB0                00180 writesloop:
                      00181  #IF (Write_Page == 8)
003FB0 8841           00182         bsf     i,4                             ; 16bytes
                      00183  #ELSE
                      00184         bsf     i,3                             ; 8bytes
                      00185  #ENDIF
003FB2                00186 writebyte:
003FB2 D808           00187         rcall   put1byte
003FB4 2E41           00188         decfsz  i
003FB6 D7FD           00189         bra     writebyte
                      00190         
003FB8 0E84           00191         movlw   ((1<<EEPGD) | (1<<WREN))        ; Setup writes
MPASM  5.51  TINYBLD18F14K22_INT16MHZ_19200.A   9-17-2013  16:23:06         PAGE  6


LOC  OBJECT CODE     LINE SOURCE TEXT
  VALUE

003FBA D808           00192         rcall   Write
003FBC ACE9           00193         btfss   FSR0L,6                         ; FSR0=64?
003FBE D7F8           00194         bra     writesloop
                      00195 
003FC0                00196 waitwre:
                      00197         ;btfsc  EECON1,WR                       ;for eeprom writes (wait to finish write)
                      00198         ;bra    waitwre                         ;no need: round trip time with PC bigger than 4ms
                      00199         
003FC0 94A6           00200         bcf     EECON1,WREN                     ;disable writes
003FC2 D7CD           00201         bra     MainLoop
                      00202         
                      00203 
                      00204 ;******** procedures ******************
                      00205 
003FC4                00206 put1byte:
003FC4 50EE           00207         movf    POSTINC0,w              ; put 1 byte
003FC6 6EF5           00208         movwf   TABLAT
003FC8 000F           00209         tblwt+*
003FCA 0CC4           00210         retlw   ((1<<EEPGD) | (1<<CFGS) | (1<<WREN))    ;Setup cfg
                      00211 
                      00212 
003FCC                00213 Write:
003FCC 6EA6           00214         movwf   EECON1
003FCE 0E55           00215         movlw   0x55
003FD0 6EA7           00216         movwf   EECON2
003FD2 0EAA           00217         movlw   0xAA
003FD4 6EA7           00218         movwf   EECON2
003FD6 82A6           00219         bsf     EECON1,WR                       ;WRITE
003FD8 0000           00220         nop
                      00221         ;nop
003FDA 0012           00222         return
                      00223 
                      00224 
003FDC                00225 Receive:
003FDC 0E09           00226         movlw   (xtal/2000000+1)                ; for 20MHz => 11 => 1second delay
003FDE 6E42           00227         movwf   cnt1
003FE0                00228 rpt2:
003FE0 6A43           00229         clrf    cnt2
003FE2                00230 rpt3:
003FE2 6A44           00231         clrf    cnt3
003FE4                00232 rptc:
003FE4 AA9E           00233         btfss   PIR1,RCIF                       ;test RX
003FE6 D003           00234         bra     notrcv
003FE8 50AE           00235         movf    RCREG,w                         ;return read data in W
003FEA 2640           00236         addwf   crc,f                           ;compute crc
003FEC 0012           00237         return
003FEE                00238 notrcv:
003FEE 2E44           00239         decfsz  cnt3
003FF0 D7F9           00240         bra     rptc
003FF2 2E43           00241         decfsz  cnt2
003FF4 D7F6           00242         bra     rpt3
003FF6 2E42           00243         decfsz  cnt1
003FF8 D7F3           00244         bra     rpt2
MPASM  5.51  TINYBLD18F14K22_INT16MHZ_19200.A   9-17-2013  16:23:06         PAGE  7


LOC  OBJECT CODE     LINE SOURCE TEXT
  VALUE

                      00245         ;timeout:
003FFA                00246 way_to_exit:
003FFA 9EAB           00247         bcf     RCSTA,SPEN                      ; deactivate UART
003FFC D79D           00248         bra     first_address
                      00249 ;*************************************************************
                      00250 ; After reset
                      00251 ; Do not expect the memory to be zero,
                      00252 ; Do not expect registers to be initialised like in catalog.
                      00253 
                      00254             END
MPASM  5.51  TINYBLD18F14K22_INT16MHZ_19200.A   9-17-2013  16:23:06         PAGE  8


SYMBOL TABLE
  LABEL                             VALUE 

A                                 00000000
ABDEN                             00000000
ABDOVF                            00000007
ACCESS                            00000000
ACKDT                             00000005
ACKEN                             00000004
ACKSTAT                           00000006
ACQT0                             00000003
ACQT1                             00000004
ACQT2                             00000005
ADCON0                            00000FC2
ADCON1                            00000FC1
ADCON2                            00000FC0
ADCS0                             00000000
ADCS1                             00000001
ADCS2                             00000002
ADDEN                             00000003
ADEN                              00000003
ADFM                              00000007
ADIE                              00000006
ADIF                              00000006
ADIP                              00000006
ADON                              00000000
ADRES                             00000FC3
ADRESH                            00000FC4
ADRESL                            00000FC3
AN0                               00000000
AN1                               00000001
AN10                              00000004
AN11                              00000005
AN2                               00000002
AN3                               00000004
AN4                               00000000
AN5                               00000001
AN6                               00000002
AN7                               00000003
AN8                               00000006
AN9                               00000007
ANS0                              00000000
ANS1                              00000001
ANS10                             00000002
ANS11                             00000003
ANS2                              00000002
ANS3                              00000003
ANS4                              00000004
ANS5                              00000005
ANS6                              00000006
ANS7                              00000007
ANS8                              00000000
ANS9                              00000001
ANSEL                             00000F7E
ANSEL0                            00000000
ANSEL1                            00000001
MPASM  5.51  TINYBLD18F14K22_INT16MHZ_19200.A   9-17-2013  16:23:06         PAGE  9


SYMBOL TABLE
  LABEL                             VALUE 

ANSEL10                           00000002
ANSEL11                           00000003
ANSEL2                            00000002
ANSEL3                            00000003
ANSEL4                            00000004
ANSEL5                            00000005
ANSEL6                            00000006
ANSEL7                            00000007
ANSEL8                            00000000
ANSEL9                            00000001
ANSELH                            00000F7F
Abs                               
AbsResult                         0000001F
BANKED                            00000001
BAUDCON                           00000FB8
BAUDCTL                           00000FB8
BCLIE                             00000003
BCLIF                             00000003
BCLIP                             00000003
BF                                00000000
BOR                               00000000
BRG16                             00000003
BRGH                              00000002
BSR                               00000FE0
C                                 00000000
C12IN0M                           00000001
C12IN1M                           00000001
C12IN2M                           00000002
C12IN3M                           00000003
C12INP                            00000000
C12OUT                            00000004
C1CH0                             00000000
C1CH1                             00000001
C1HYS                             00000003
C1IE                              00000006
C1IF                              00000006
C1INP                             00000000
C1IP                              00000006
C1OE                              00000005
C1ON                              00000007
C1OUT_CM1CON0                     00000006
C1OUT_PORTA                       00000002
C1POL                             00000004
C1R                               00000002
C1RSEL                            00000005
C1SP                              00000003
C1SYNC                            00000001
C2CH0                             00000000
C2CH1                             00000001
C2HYS                             00000002
C2IE                              00000005
C2IF                              00000005
C2INP                             00000000
MPASM  5.51  TINYBLD18F14K22_INT16MHZ_19200.A   9-17-2013  16:23:06         PAGE 10


SYMBOL TABLE
  LABEL                             VALUE 

C2IP                              00000005
C2OE                              00000005
C2ON                              00000007
C2OUT_CM2CON0                     00000006
C2OUT_PORTC                       00000004
C2POL                             00000004
C2R                               00000002
C2RSEL                            00000004
C2SP                              00000003
C2SYNC                            00000000
CCP1                              00000005
CCP1CON                           00000FBD
CCP1IE                            00000002
CCP1IF                            00000002
CCP1IP                            00000002
CCP1M0                            00000000
CCP1M1                            00000001
CCP1M2                            00000002
CCP1M3                            00000003
CCPR1                             00000FBE
CCPR1H                            00000FBF
CCPR1L                            00000FBE
CFGS                              00000006
CHS0                              00000002
CHS1                              00000003
CHS2                              00000004
CHS3                              00000005
CK                                00000007
CKE                               00000006
CKP                               00000004
CKTXP                             00000004
CLKIN                             00000005
CLKOUT                            00000004
CM1CON0                           00000F6D
CM2CON0                           00000F6B
CM2CON1                           00000F6C
CREN                              00000004
CSRC                              00000007
CVREF                             00000000
D                                 00000005
D1EN                              00000007
D1LPS                             00000006
D1NSS                             00000000
D1NSS0                            00000000
D1PSS0                            00000002
D1PSS1                            00000003
DAC1OE                            00000005
DAC1R0                            00000000
DAC1R1                            00000001
DAC1R2                            00000002
DAC1R3                            00000003
DAC1R4                            00000004
DC                                00000001
MPASM  5.51  TINYBLD18F14K22_INT16MHZ_19200.A   9-17-2013  16:23:06         PAGE 11


SYMBOL TABLE
  LABEL                             VALUE 

DC1B0                             00000004
DC1B1                             00000005
DDRA                              TRISA
DDRB                              TRISB
DDRC                              TRISC
DDRD                              TRISD
DDRE                              TRISE
DONE                              00000001
DTRXP                             00000005
D_A                               00000005
D_NOT_A                           00000005
ECCP1AS                           00000FB6
ECCPAS0                           00000004
ECCPAS1                           00000005
ECCPAS2                           00000006
ECCPASE                           00000007
EEADR                             00000FA9
EEADR0                            00000000
EEADR1                            00000001
EEADR2                            00000002
EEADR3                            00000003
EEADR4                            00000004
EEADR5                            00000005
EEADR6                            00000006
EEADR7                            00000007
EECON1                            00000FA6
EECON2                            00000FA7
EEDATA                            00000FA8
EEIE                              00000004
EEIF                              00000004
EEIP                              00000004
EEPGD                             00000007
FAST                              00000001
FERR                              00000002
FLTS                              00000002
FREE                              00000004
FSR0                              00000000
FSR0H                             00000FEA
FSR0L                             00000FE9
FSR1                              00000001
FSR1H                             00000FE2
FSR1L                             00000FE1
FSR2                              00000002
FSR2H                             00000FDA
FSR2L                             00000FD9
FVR1EN                            00000007
FVR1S0                            00000004
FVR1S1                            00000005
FVR1ST                            00000006
GCEN                              00000007
GIE                               00000007
GIEH                              00000007
GIEL                              00000006
MPASM  5.51  TINYBLD18F14K22_INT16MHZ_19200.A   9-17-2013  16:23:06         PAGE 12


SYMBOL TABLE
  LABEL                             VALUE 

GIE_GIEH                          00000007
GO                                00000001
GO_DONE                           00000001
GO_NOT_DONE                       00000001
HFIOFL                            00000001
HFIOFS                            00000002
IDLEN                             00000007
INDF0                             00000FEF
INDF1                             00000FE7
INDF2                             00000FDF
INT0                              00000000
INT0E                             00000004
INT0F                             00000001
INT0IE                            00000004
INT0IF                            00000001
INT1                              00000001
INT1E                             00000003
INT1F                             00000000
INT1IE                            00000003
INT1IF                            00000000
INT1IP                            00000006
INT1P                             00000006
INT2                              00000002
INT2E                             00000004
INT2F                             00000001
INT2IE                            00000004
INT2IF                            00000001
INT2IP                            00000007
INT2P                             00000007
INTCON                            00000FF2
INTCON2                           00000FF1
INTCON3                           00000FF0
INTEDG0                           00000006
INTEDG1                           00000005
INTEDG2                           00000004
INTSRC                            00000007
IOCA                              00000F79
IOCA0                             00000000
IOCA1                             00000001
IOCA2                             00000002
IOCA3                             00000003
IOCA4                             00000004
IOCA5                             00000005
IOCB                              00000F7A
IOCB4                             00000004
IOCB5                             00000005
IOCB6                             00000006
IOCB7                             00000007
IPEN                              00000007
IPR1                              00000F9F
IPR2                              00000FA2
IRCF0                             00000004
IRCF1                             00000005
MPASM  5.51  TINYBLD18F14K22_INT16MHZ_19200.A   9-17-2013  16:23:06         PAGE 13


SYMBOL TABLE
  LABEL                             VALUE 

IRCF2                             00000006
IdTypePIC                         00000062
IntrareBootloader                 00003F40
LATA                              00000F89
LATA0                             00000000
LATA1                             00000001
LATA2                             00000002
LATA4                             00000004
LATA5                             00000005
LATB                              00000F8A
LATB4                             00000004
LATB5                             00000005
LATB6                             00000006
LATB7                             00000007
LATC                              00000F8B
LATC0                             00000000
LATC1                             00000001
LATC2                             00000002
LATC3                             00000003
LATC4                             00000004
LATC5                             00000005
LATC6                             00000006
LATC7                             00000007
LFIOFS                            00000000
MC1OUT                            00000007
MC2OUT                            00000006
MCLR                              00000003
MSK0                              00000000
MSK1                              00000001
MSK2                              00000002
MSK3                              00000003
MSK4                              00000004
MSK5                              00000005
MSK6                              00000006
MSK7                              00000007
MainLoop                          00003F5E
N                                 00000004
NOT_A                             00000005
NOT_ADDRESS                       00000005
NOT_BOR                           00000000
NOT_DONE                          00000001
NOT_MCLR                          00000003
NOT_PD                            00000002
NOT_POR                           00000001
NOT_RABPU                         00000007
NOT_RBPU                          00000007
NOT_RI                            00000004
NOT_SS                            00000006
NOT_T1SYNC                        00000002
NOT_T3SYNC                        00000002
NOT_TO                            00000003
NOT_W                             00000002
NOT_WRITE                         00000002
MPASM  5.51  TINYBLD18F14K22_INT16MHZ_19200.A   9-17-2013  16:23:06         PAGE 14


SYMBOL TABLE
  LABEL                             VALUE 

NVCFG0                            00000000
NVCFG1                            00000001
OERR                              00000001
OSC1                              00000005
OSC2                              00000004
OSCCON                            00000FD3
OSCCON2                           00000FD2
OSCFIE                            00000007
OSCFIF                            00000007
OSCFIP                            00000007
OSCTUNE                           00000F9B
OSTS                              00000003
OV                                00000003
P                                 00000004
P1A                               00000005
P1B                               00000004
P1C                               00000003
P1D                               00000002
P1M0                              00000006
P1M1                              00000007
PC                                00000FF9
PCL                               00000FF9
PCLATH                            00000FFA
PCLATU                            00000FFB
PD                                00000002
PDC0                              00000000
PDC1                              00000001
PDC2                              00000002
PDC3                              00000003
PDC4                              00000004
PDC5                              00000005
PDC6                              00000006
PEIE                              00000006
PEIE_GIEL                         00000006
PEN                               00000002
PGC                               00000001
PGD                               00000000
PGM                               00000003
PIE1                              00000F9D
PIE2                              00000FA0
PIR1                              00000F9E
PIR2                              00000FA1
PLLEN                             00000006
PLUSW0                            00000FEB
PLUSW1                            00000FE3
PLUSW2                            00000FDB
POR                               00000001
PORTA                             00000F80
PORTB                             00000F81
PORTC                             00000F82
POSTDEC0                          00000FED
POSTDEC1                          00000FE5
POSTDEC2                          00000FDD
MPASM  5.51  TINYBLD18F14K22_INT16MHZ_19200.A   9-17-2013  16:23:06         PAGE 15


SYMBOL TABLE
  LABEL                             VALUE 

POSTINC0                          00000FEE
POSTINC1                          00000FE6
POSTINC2                          00000FDE
PR2                               00000FCB
PREINC0                           00000FEC
PREINC1                           00000FE4
PREINC2                           00000FDC
PRI_SD                            00000002
PROD                              00000FF3
PRODH                             00000FF4
PRODL                             00000FF3
PRSEN                             00000007
PSA                               00000003
PSSAC0                            00000002
PSSAC1                            00000003
PSSBD0                            00000000
PSSBD1                            00000001
PSTRCON                           00000FB9
PVCFG0                            00000002
PVCFG1                            00000003
PWM1CON                           00000FB7
R                                 00000002
RA0                               00000000
RA1                               00000001
RA2                               00000002
RA3                               00000003
RA4                               00000004
RA5                               00000005
RABIE                             00000003
RABIF                             00000000
RABIP                             00000000
RABPU                             00000007
RB4                               00000004
RB5                               00000005
RB6                               00000006
RB7                               00000007
RBIE                              00000003
RBIF                              00000000
RBIP                              00000000
RC0                               00000000
RC1                               00000001
RC2                               00000002
RC3                               00000003
RC4                               00000004
RC5                               00000005
RC6                               00000006
RC7                               00000007
RCEN                              00000003
RCIDL                             00000006
RCIE                              00000005
RCIF                              00000005
RCIP                              00000005
RCON                              00000FD0
MPASM  5.51  TINYBLD18F14K22_INT16MHZ_19200.A   9-17-2013  16:23:06         PAGE 16


SYMBOL TABLE
  LABEL                             VALUE 

RCREG                             00000FAE
RCSTA                             00000FAB
RD                                00000000
RD16                              00000007
REFCON0                           00000FBA
REFCON1                           00000FBB
REFCON2                           00000FBC
RI                                00000004
RSEN                              00000001
RX                                00000005
RX9                               00000006
RX9D                              00000000
R_NOT_W                           00000002
R_W                               00000002
Receive                           00003FDC
Round                             
RoundResult                       00004B1F
S                                 00000003
SBOREN                            00000006
SCK                               00000006
SCKP                              00000004
SCL                               00000006
SCS0                              00000000
SCS1                              00000001
SDA                               00000004
SDI                               00000004
SDO                               00000007
SEN                               00000000
SENDB                             00000003
SLRA                              00000000
SLRB                              00000001
SLRC                              00000002
SLRCON                            00000F76
SMP                               00000007
SP0                               00000000
SP1                               00000001
SP2                               00000002
SP3                               00000003
SP4                               00000004
SPBRG                             00000FAF
SPBRGH                            00000FB0
SPEN                              00000007
SRCLK0                            00000004
SRCLK1                            00000005
SRCLK2                            00000006
SRCON0                            00000F68
SRCON1                            00000F69
SREN                              00000005
SRLEN                             00000007
SRNQEN                            00000002
SRPR                              00000000
SRPS                              00000001
SRQ                               00000002
MPASM  5.51  TINYBLD18F14K22_INT16MHZ_19200.A   9-17-2013  16:23:06         PAGE 17


SYMBOL TABLE
  LABEL                             VALUE 

SRQEN                             00000003
SRRC1E                            00000000
SRRC2E                            00000001
SRRCKE                            00000002
SRRPE                             00000003
SRSC1E                            00000004
SRSC2E                            00000005
SRSCKE                            00000006
SRSPE                             00000007
SS                                00000006
SSPADD                            00000FC8
SSPBUF                            00000FC9
SSPCON1                           00000FC6
SSPCON2                           00000FC5
SSPEN                             00000005
SSPIE                             00000003
SSPIF                             00000003
SSPIP                             00000003
SSPM0                             00000000
SSPM1                             00000001
SSPM2                             00000002
SSPM3                             00000003
SSPMSK                            00000F6F
SSPOV                             00000006
SSPSTAT                           00000FC7
STATUS                            00000FD8
STKFUL                            00000007
STKOVF                            00000007
STKPTR                            00000FFC
STKUNF                            00000006
STRA                              00000000
STRB                              00000001
STRC                              00000002
STRD                              00000003
STRSYNC                           00000004
SWDTE                             00000000
SWDTEN                            00000000
SYNC                              00000004
T08BIT                            00000006
T0CKI                             00000002
T0CON                             00000FD5
T0CS                              00000005
T0IE                              00000005
T0IF                              00000002
T0PS0                             00000000
T0PS1                             00000001
T0PS2                             00000002
T0SE                              00000004
T13CKI                            00000005
T1CKPS0                           00000004
T1CKPS1                           00000005
T1CON                             00000FCD
T1OSCEN                           00000003
MPASM  5.51  TINYBLD18F14K22_INT16MHZ_19200.A   9-17-2013  16:23:06         PAGE 18


SYMBOL TABLE
  LABEL                             VALUE 

T1RUN                             00000006
T1SYNC                            00000002
T2CKPS0                           00000000
T2CKPS1                           00000001
T2CON                             00000FCA
T2OUTPS0                          00000003
T2OUTPS1                          00000004
T2OUTPS2                          00000005
T2OUTPS3                          00000006
T3CCP1                            00000003
T3CKPS0                           00000004
T3CKPS1                           00000005
T3CON                             00000FB1
T3SYNC                            00000002
TABLAT                            00000FF5
TBLPTR                            00000FF6
TBLPTRH                           00000FF7
TBLPTRL                           00000FF6
TBLPTRU                           00000FF8
TMR0                              00000FD6
TMR0H                             00000FD7
TMR0IE                            00000005
TMR0IF                            00000002
TMR0IP                            00000002
TMR0L                             00000FD6
TMR0ON                            00000007
TMR1                              00000FCE
TMR1CS                            00000001
TMR1H                             00000FCF
TMR1IE                            00000000
TMR1IF                            00000000
TMR1IP                            00000000
TMR1L                             00000FCE
TMR1ON                            00000000
TMR2                              00000FCC
TMR2IE                            00000001
TMR2IF                            00000001
TMR2IP                            00000001
TMR2ON                            00000002
TMR3                              00000FB2
TMR3CS                            00000001
TMR3H                             00000FB3
TMR3IE                            00000001
TMR3IF                            00000001
TMR3IP                            00000001
TMR3L                             00000FB2
TMR3ON                            00000000
TO                                00000003
TOS                               00000FFD
TOSH                              00000FFE
TOSL                              00000FFD
TOSU                              00000FFF
TRISA                             00000F92
MPASM  5.51  TINYBLD18F14K22_INT16MHZ_19200.A   9-17-2013  16:23:06         PAGE 19


SYMBOL TABLE
  LABEL                             VALUE 

TRISA0                            00000000
TRISA1                            00000001
TRISA2                            00000002
TRISA4                            00000004
TRISA5                            00000005
TRISB                             00000F93
TRISB4                            00000004
TRISB5                            00000005
TRISB6                            00000006
TRISB7                            00000007
TRISC                             00000F94
TRISC0                            00000000
TRISC1                            00000001
TRISC2                            00000002
TRISC3                            00000003
TRISC4                            00000004
TRISC5                            00000005
TRISC6                            00000006
TRISC7                            00000007
TRMT                              00000001
TUN0                              00000000
TUN1                              00000001
TUN2                              00000002
TUN3                              00000003
TUN4                              00000004
TUN5                              00000005
TX                                00000007
TX9                               00000006
TX9D                              00000000
TXEN                              00000005
TXIE                              00000004
TXIF                              00000004
TXIP                              00000004
TXREG                             00000FAD
TXSTA                             00000FAC
UA                                00000001
VPP                               00000003
VREFCON0                          00000FBA
VREFCON1                          00000FBB
VREFCON2                          00000FBC
VREFM                             00000000
VREFP                             00000001
W                                 00000000
WCOL                              00000007
WDTCON                            00000FD1
WPUA                              00000F77
WPUA0                             00000000
WPUA1                             00000001
WPUA2                             00000002
WPUA3                             00000003
WPUA4                             00000004
WPUA5                             00000005
WPUB                              00000F78
MPASM  5.51  TINYBLD18F14K22_INT16MHZ_19200.A   9-17-2013  16:23:06         PAGE 20


SYMBOL TABLE
  LABEL                             VALUE 

WPUB4                             00000004
WPUB5                             00000005
WPUB6                             00000006
WPUB7                             00000007
WR                                00000001
WREG                              00000FE8
WREN                              00000002
WRERR                             00000003
WUE                               00000001
Write                             00003FCC
Write_Page                        8
Z                                 00000002
_BBSIZ_OFF_4L                     000000F7
_BBSIZ_ON_4L                      000000FF
_BOREN_NOSLP_2L                   000000FD
_BOREN_OFF_2L                     000000F9
_BOREN_ON_2L                      000000FB
_BOREN_SBORDIS_2L                 000000FF
_BORV_19_2L                       000000FF
_BORV_22_2L                       000000F7
_BORV_27_2L                       000000EF
_BORV_30_2L                       000000E7
_CONFIG1H                         00300001
_CONFIG2H                         00300003
_CONFIG2L                         00300002
_CONFIG3H                         00300005
_CONFIG4L                         00300006
_CONFIG5H                         00300009
_CONFIG5L                         00300008
_CONFIG6H                         0030000B
_CONFIG6L                         0030000A
_CONFIG7H                         0030000D
_CONFIG7L                         0030000C
_CP0_OFF_5L                       000000FF
_CP0_ON_5L                        000000FE
_CP1_OFF_5L                       000000FF
_CP1_ON_5L                        000000FD
_CPB_OFF_5H                       000000FF
_CPB_ON_5H                        000000BF
_CPD_OFF_5H                       000000FF
_CPD_ON_5H                        0000007F
_DEBUG_OFF_4L                     000000FF
_DEBUG_ON_4L                      0000007F
_DEVID1                           003FFFFE
_DEVID2                           003FFFFF
_EBTR0_OFF_7L                     000000FF
_EBTR0_ON_7L                      000000FE
_EBTR1_OFF_7L                     000000FF
_EBTR1_ON_7L                      000000FD
_EBTRB_OFF_7H                     000000FF
_EBTRB_ON_7H                      000000BF
_FCMEN_OFF_1H                     000000BF
_FCMEN_ON_1H                      000000FF
MPASM  5.51  TINYBLD18F14K22_INT16MHZ_19200.A   9-17-2013  16:23:06         PAGE 21


SYMBOL TABLE
  LABEL                             VALUE 

_FOSC_ECCLKOUTH_1H                000000F4
_FOSC_ECCLKOUTL_1H                000000FC
_FOSC_ECCLKOUTM_1H                000000FA
_FOSC_ECH_1H                      000000F5
_FOSC_ECL_1H                      000000FD
_FOSC_ECM_1H                      000000FB
_FOSC_ERCCLKOUT_1H                000000F3
_FOSC_ERC_1H                      000000F7
_FOSC_HS_1H                       000000F2
_FOSC_IRCCLKOUT_1H                000000F9
_FOSC_IRC_1H                      000000F8
_FOSC_LP_1H                       000000F0
_FOSC_XT_1H                       000000F1
_HFOFST_OFF_3H                    000000F7
_HFOFST_ON_3H                     000000FF
_IDLOC0                           00200000
_IDLOC1                           00200001
_IDLOC2                           00200002
_IDLOC3                           00200003
_IDLOC4                           00200004
_IDLOC5                           00200005
_IDLOC6                           00200006
_IDLOC7                           00200007
_IESO_OFF_1H                      0000007F
_IESO_ON_1H                       000000FF
_LVP_OFF_4L                       000000FB
_LVP_ON_4L                        000000FF
_MCLRE_OFF_3H                     0000007F
_MCLRE_ON_3H                      000000FF
_PCLKEN_OFF_1H                    000000DF
_PCLKEN_ON_1H                     000000FF
_PLLEN_OFF_1H                     000000EF
_PLLEN_ON_1H                      000000FF
_PWRTEN_OFF_2L                    000000FF
_PWRTEN_ON_2L                     000000FE
_STVREN_OFF_4L                    000000FE
_STVREN_ON_4L                     000000FF
_WDTEN_OFF_2H                     000000FE
_WDTEN_ON_2H                      000000FF
_WDTPS_1024_2H                    000000F5
_WDTPS_128_2H                     000000EF
_WDTPS_16384_2H                   000000FD
_WDTPS_16_2H                      000000E9
_WDTPS_1_2H                       000000E1
_WDTPS_2048_2H                    000000F7
_WDTPS_256_2H                     000000F1
_WDTPS_2_2H                       000000E3
_WDTPS_32768_2H                   000000FF
_WDTPS_32_2H                      000000EB
_WDTPS_4096_2H                    000000F9
_WDTPS_4_2H                       000000E5
_WDTPS_512_2H                     000000F3
_WDTPS_64_2H                      000000ED
MPASM  5.51  TINYBLD18F14K22_INT16MHZ_19200.A   9-17-2013  16:23:06         PAGE 22


SYMBOL TABLE
  LABEL                             VALUE 

_WDTPS_8192_2H                    000000FB
_WDTPS_8_2H                       000000E7
_WRT0_OFF_6L                      000000FF
_WRT0_ON_6L                       000000FE
_WRT1_OFF_6L                      000000FF
_WRT1_ON_6L                       000000FD
_WRTB_OFF_6H                      000000FF
_WRTB_ON_6H                       000000BF
_WRTC_OFF_6H                      000000FF
_WRTC_ON_6H                       000000DF
_WRTD_OFF_6H                      000000FF
_WRTD_ON_6H                       0000007F
_XINST_OFF_4L                     000000BF
_XINST_ON_4L                      000000FF
__18F14K22                        00000001
baud                              00004B00
baud_real                         00004B1F
buffer                            00000000
cnt1                              00000042
cnt2                              00000043
cnt3                              00000044
count                             00000046
crc                               00000040
eraseloop                         00003FAA
errpercent                        00000000
first_address                     max_flash-200
flag                              00000045
i                                 00000041
lp_noeeprom                       00003FA0
mainl                             00003F60
max_flash                         0x4000
noconfig                          00003FAA
noeeprom                          00003F98
notrcv                            00003FEE
put1byte                          00003FC4
rcvoct                            00003F7C
rpt2                              00003FE0
rpt3                              00003FE2
rptc                              00003FE4
spbrg_value                       00000033
waitwre                           00003FC0
way_to_exit                       00003FFA
writebigloop                      00003FB0
writebyte                         00003FB2
writesloop                        00003FB0
xtal                              00F42400
ziieroare                         00003F8A
MPASM  5.51  TINYBLD18F14K22_INT16MHZ_19200.A   9-17-2013  16:23:06         PAGE 23


MEMORY USAGE MAP ('X' = Used,  '-' = Unused)


0000 : XXXX------------ ---------------- ---------------- ----------------
3F00 : ---------------- ---------------- ---------------- --------XXXXXXXX
3F40 : XXXXXXXXXXXXXXXX XXXXXXXXXXXXXXXX XXXXXXXXXXXXXXXX XXXXXXXXXXXXXXXX
3F80 : XXXXXXXXXXXXXXXX XXXXXXXXXXXXXXXX XXXXXXXXXXXXXXXX XXXXXXXXXXXXXXXX
3FC0 : XXXXXXXXXXXXXXXX XXXXXXXXXXXXXXXX XXXXXXXXXXXXXXXX XXXXXXXXXXXXXX--
0000 : -XXX-XX-XXXXXX-- ---------------- ---------------- ----------------

All other memory blocks unused.

Program Memory Bytes Used:   213
Program Memory Bytes Free: 16171


Errors   :     0
Warnings :     0 reported,     0 suppressed
Messages :     0 reported,     0 suppressed

